2025-01-11 12:38:57,512 [INFO] Activator:176 - 


2025-01-11 12:38:57,514 [INFO] Activator:177 - !SESSION log4j initialized
2025-01-11 12:38:59,683 [INFO] LogOutputStream:77 - [STDOUT_REDIRECT] 
2025-01-11 12:39:01,407 [INFO] ApplicationProperties:184 - Using Application install path: C:\ST\STM32CubeIDE_1.15.0\STM32CubeIDE\plugins\com.st.stm32cube.common.mx_6.11.1.202404110753
2025-01-11 12:39:01,416 [INFO] DbMcusXml:78 - Set database path to: C:\ST\STM32CubeIDE_1.15.0\STM32CubeIDE\plugins\com.st.stm32cube.common.mx_6.11.1.202404110753\\db\/mcu/
2025-01-11 12:39:01,418 [INFO] ApiDb:274 - Set plugin database path to: C:\ST\STM32CubeIDE_1.15.0\STM32CubeIDE\plugins\com.st.stm32cube.common.mx_6.11.1.202404110753\\db\/plugins/boardmanager/
2025-01-11 12:39:01,419 [WARN] ApiDb:259 - Overriding images path with different value:  => C:\ST\STM32CubeIDE_1.15.0\STM32CubeIDE\plugins\com.st.stm32cube.common.mx_6.11.1.202404110753\\db\/plugins/mcufinder/images/
2025-01-11 12:39:01,422 [INFO] ApiDb:250 - Set database path to: C:\Users\adity\.stmcufinder\plugins\mcufinder//mcu/
2025-01-11 12:39:01,423 [INFO] DbMcusAds:125 - Set database path to: C:\Users\adity\.stmcufinder\plugins\mcufinder//mcu/
2025-01-11 12:39:01,425 [INFO] CrossReferenceDbSqlite:203 - Set database path to: C:\Users\adity\.stmcufinder\plugins\mcufinder//mcu/cs/
2025-01-11 12:39:01,513 [INFO] RulesReader:64 - Compatibility file has been processed (297 Rules)
2025-01-11 12:39:01,566 [INFO] DbMcusXml:78 - Set database path to: C:\ST\STM32CubeIDE_1.15.0\STM32CubeIDE\plugins\com.st.stm32cube.common.mx_6.11.1.202404110753\\db\/mcu/
2025-01-11 12:39:01,566 [INFO] ApiDb:274 - Set plugin database path to: C:\ST\STM32CubeIDE_1.15.0\STM32CubeIDE\plugins\com.st.stm32cube.common.mx_6.11.1.202404110753\\db\/plugins/boardmanager/
2025-01-11 12:39:01,566 [INFO] ApiDb:261 - Set plugin images path to: C:\ST\STM32CubeIDE_1.15.0\STM32CubeIDE\plugins\com.st.stm32cube.common.mx_6.11.1.202404110753\\db\/plugins/mcufinder/images/
2025-01-11 12:39:01,567 [WARN] DbFile:41 - Overriding database path with different value: C:\Users\adity\.stmcufinder\plugins\mcufinder/ => C:\Users\adity\.stmcufinder\plugins\mcufinder
2025-01-11 12:39:01,567 [INFO] ApiDb:250 - Set database path to: C:\Users\adity\.stmcufinder\plugins\mcufinder//mcu/
2025-01-11 12:39:01,567 [WARN] DbFile:41 - Overriding database path with different value: C:\Users\adity\.stmcufinder\plugins\mcufinder/ => C:\Users\adity\.stmcufinder\plugins\mcufinder
2025-01-11 12:39:01,567 [INFO] DbMcusAds:125 - Set database path to: C:\Users\adity\.stmcufinder\plugins\mcufinder//mcu/
2025-01-11 12:39:01,567 [WARN] DbFile:41 - Overriding database path with different value: C:\Users\adity\.stmcufinder\plugins\mcufinder/ => C:\Users\adity\.stmcufinder\plugins\mcufinder
2025-01-11 12:39:01,567 [WARN] DbFile:41 - Overriding database path with different value: C:\Users\adity\.stmcufinder\plugins\mcufinder/ => C:\Users\adity\.stmcufinder\plugins\mcufinder
2025-01-11 12:39:01,567 [INFO] CrossReferenceDbSqlite:203 - Set database path to: C:\Users\adity\.stmcufinder\plugins\mcufinder//mcu/cs/
2025-01-11 12:39:01,623 [INFO] MainPanel:264 - HeapMemory: 268435456
2025-01-11 12:39:01,676 [INFO] DbMcusXml:78 - Set database path to: C:\ST\STM32CubeIDE_1.15.0\STM32CubeIDE\plugins\com.st.stm32cube.common.mx_6.11.1.202404110753\\db\/mcu/
2025-01-11 12:39:01,676 [INFO] ApiDb:274 - Set plugin database path to: C:\ST\STM32CubeIDE_1.15.0\STM32CubeIDE\plugins\com.st.stm32cube.common.mx_6.11.1.202404110753\\db\/plugins/boardmanager/
2025-01-11 12:39:01,676 [INFO] ApiDb:261 - Set plugin images path to: C:\ST\STM32CubeIDE_1.15.0\STM32CubeIDE\plugins\com.st.stm32cube.common.mx_6.11.1.202404110753\\db\/plugins/mcufinder/images/
2025-01-11 12:39:01,676 [WARN] DbFile:41 - Overriding database path with different value: C:\Users\adity\.stmcufinder\plugins\mcufinder/ => C:\Users\adity\.stmcufinder\plugins\mcufinder
2025-01-11 12:39:01,676 [INFO] ApiDb:250 - Set database path to: C:\Users\adity\.stmcufinder\plugins\mcufinder//mcu/
2025-01-11 12:39:01,676 [WARN] DbFile:41 - Overriding database path with different value: C:\Users\adity\.stmcufinder\plugins\mcufinder/ => C:\Users\adity\.stmcufinder\plugins\mcufinder
2025-01-11 12:39:01,677 [INFO] DbMcusAds:125 - Set database path to: C:\Users\adity\.stmcufinder\plugins\mcufinder//mcu/
2025-01-11 12:39:01,677 [WARN] DbFile:41 - Overriding database path with different value: C:\Users\adity\.stmcufinder\plugins\mcufinder/ => C:\Users\adity\.stmcufinder\plugins\mcufinder
2025-01-11 12:39:01,677 [WARN] DbFile:41 - Overriding database path with different value: C:\Users\adity\.stmcufinder\plugins\mcufinder/ => C:\Users\adity\.stmcufinder\plugins\mcufinder
2025-01-11 12:39:01,677 [INFO] CrossReferenceDbSqlite:203 - Set database path to: C:\Users\adity\.stmcufinder\plugins\mcufinder//mcu/cs/
2025-01-11 12:39:01,688 [INFO] ApplicationProperties:184 - Using Application install path: C:\ST\STM32CubeIDE_1.15.0\STM32CubeIDE\plugins\com.st.stm32cube.common.mx_6.11.1.202404110753
2025-01-11 12:39:01,689 [INFO] PluginManage:196 - Search for loadable plugins [exclusion list=, ]
2025-01-11 12:39:01,690 [INFO] PluginManage:310 - Check plugin analytics
2025-01-11 12:39:01,830 [INFO] AnalyticsPlugin:253 - Accepted Software Licenses: 
2025-01-11 12:39:01,830 [INFO] AnalyticsPlugin:255 - Accepted CMSIS Pack Licenses: 
2025-01-11 12:39:01,830 [INFO] AnalyticsPlugin:257 - Accepted Firmware Licenses: 
2025-01-11 12:39:01,832 [INFO] PluginManage:359 - Loaded plugin analytics (category:tool,tabindex:-1)
2025-01-11 12:39:01,833 [INFO] PluginManage:310 - Check plugin cadmodel
2025-01-11 12:39:01,854 [INFO] CADModel:105 - Init CAD model plugin
2025-01-11 12:39:01,854 [INFO] PluginManage:359 - Loaded plugin cadmodel (category:power,tabindex:5)
2025-01-11 12:39:01,854 [INFO] PluginManage:310 - Check plugin clock
2025-01-11 12:39:01,861 [INFO] PluginManage:359 - Loaded plugin clock (category:base,tabindex:2)
2025-01-11 12:39:01,861 [INFO] PluginManage:310 - Check plugin ddr
2025-01-11 12:39:01,863 [INFO] PluginManage:359 - Loaded plugin ddr (category:tool,tabindex:6)
2025-01-11 12:39:01,863 [INFO] PluginManage:310 - Check plugin filemanager
2025-01-11 12:39:01,965 [INFO] PluginManage:359 - Loaded plugin filemanager (category:base,tabindex:10)
2025-01-11 12:39:01,965 [INFO] PluginManage:310 - Check plugin ipmanager
2025-01-11 12:39:01,971 [INFO] PluginManage:359 - Loaded plugin ipmanager (category:base,tabindex:5)
2025-01-11 12:39:01,971 [INFO] PluginManage:310 - Check plugin lpbam
2025-01-11 12:39:01,977 [INFO] PluginManage:359 - Loaded plugin lpbam (category:base,tabindex:0)
2025-01-11 12:39:01,977 [INFO] PluginManage:310 - Check plugin memorymap
2025-01-11 12:39:01,986 [INFO] PluginManage:359 - Loaded plugin memorymap (category:base,tabindex:4)
2025-01-11 12:39:01,987 [INFO] PluginManage:310 - Check plugin pinoutandconfiguration
2025-01-11 12:39:01,992 [INFO] PluginManage:359 - Loaded plugin pinoutandconfiguration (category:base,tabindex:1)
2025-01-11 12:39:01,992 [INFO] PluginManage:310 - Check plugin pinoutconfig
2025-01-11 12:39:02,058 [WARN] SupportedApi:132 - Cannot load RTOS API schema: s4s-elt-must-match.1: The content of 'definitions' must match (annotation?, (simpleType | complexType)?, (unique | key | keyref)*)). A problem was found starting at: attribute.
2025-01-11 12:39:02,199 [INFO] PluginManage:359 - Loaded plugin pinoutconfig (category:base,tabindex:0)
2025-01-11 12:39:02,199 [INFO] PluginManage:310 - Check plugin power
2025-01-11 12:39:02,206 [INFO] PluginManage:359 - Loaded plugin power (category:power,tabindex:4)
2025-01-11 12:39:02,206 [INFO] PluginManage:310 - Check plugin projectmanager
2025-01-11 12:39:02,221 [INFO] PluginManage:359 - Loaded plugin projectmanager (category:projectmanager,tabindex:3)
2025-01-11 12:39:02,221 [INFO] PluginManage:310 - Check plugin thirdparty
2025-01-11 12:39:02,328 [INFO] PluginManage:359 - Loaded plugin thirdparty (category:base,tabindex:-1)
2025-01-11 12:39:02,328 [WARN] IntegrityCheckThread:84 - waiting for thirdparty lock release [integrity check]
2025-01-11 12:39:02,328 [INFO] PluginManage:310 - Check plugin tools
2025-01-11 12:39:02,328 [INFO] IntegrityCheckThread:86 - entering critical section [integrity check]
2025-01-11 12:39:02,329 [INFO] ThirdPartyUpdaterWithRetryManager:70 - Updater plugin not ready yet. [1/15]
2025-01-11 12:39:02,331 [INFO] PluginManage:359 - Loaded plugin tools (category:base,tabindex:7)
2025-01-11 12:39:02,331 [INFO] PluginManage:310 - Check plugin tutovideos
2025-01-11 12:39:02,445 [INFO] PluginManage:359 - Loaded plugin tutovideos (category:base,tabindex:-1)
2025-01-11 12:39:02,445 [INFO] PluginManage:310 - Check plugin updater
2025-01-11 12:39:02,451 [INFO] PluginManage:359 - Loaded plugin updater (category:base,tabindex:12)
2025-01-11 12:39:02,451 [INFO] PluginManage:310 - Check plugin userauth
2025-01-11 12:39:02,456 [INFO] UserAuth:114 - Init User Auth plugin
2025-01-11 12:39:02,456 [INFO] PluginManage:359 - Loaded plugin userauth (category:base,tabindex:14)
2025-01-11 12:39:02,456 [INFO] PluginManage:283 - PluginManage : Loaded plugins [17]
2025-01-11 12:39:02,612 [INFO] PinOutPanel:1561 - setPackage(No Configuration,No Configuration)
2025-01-11 12:39:02,680 [INFO] CADModel:165 - CPN selected for project level
2025-01-11 12:39:02,681 [INFO] CADModel:114 - Register for checkConnection events
2025-01-11 12:39:02,697 [INFO] IPUIPlugin:80 - create IPUIPlugin
2025-01-11 12:39:02,697 [INFO] PluginManager:220 - loadIPPluginJar : add adc
2025-01-11 12:39:02,701 [INFO] IPUIPlugin:80 - create IPUIPlugin
2025-01-11 12:39:02,701 [INFO] PluginManager:220 - loadIPPluginJar : add aes
2025-01-11 12:39:02,703 [INFO] IPUIPlugin:80 - create IPUIPlugin
2025-01-11 12:39:02,704 [INFO] PluginManager:220 - loadIPPluginJar : add can
2025-01-11 12:39:02,705 [INFO] IPUIPlugin:80 - create IPUIPlugin
2025-01-11 12:39:02,705 [INFO] PluginManager:220 - loadIPPluginJar : add comp
2025-01-11 12:39:02,708 [INFO] IPUIPlugin:80 - create IPUIPlugin
2025-01-11 12:39:02,708 [INFO] PluginManager:220 - loadIPPluginJar : add cryp
2025-01-11 12:39:02,711 [INFO] IPUIPlugin:80 - create IPUIPlugin
2025-01-11 12:39:02,711 [INFO] PluginManager:220 - loadIPPluginJar : add dfsdm
2025-01-11 12:39:02,717 [INFO] IPUIPlugin:80 - create IPUIPlugin
2025-01-11 12:39:02,717 [INFO] PluginManager:220 - loadIPPluginJar : add dma
2025-01-11 12:39:02,720 [INFO] IPUIPlugin:80 - create IPUIPlugin
2025-01-11 12:39:02,720 [INFO] PluginManager:220 - loadIPPluginJar : add dma3
2025-01-11 12:39:02,723 [INFO] IPUIPlugin:80 - create IPUIPlugin
2025-01-11 12:39:02,723 [INFO] PluginManager:220 - loadIPPluginJar : add extmemmanager
2025-01-11 12:39:02,725 [INFO] IPUIPlugin:80 - create IPUIPlugin
2025-01-11 12:39:02,725 [INFO] PluginManager:220 - loadIPPluginJar : add fatfs
2025-01-11 12:39:02,729 [INFO] IPUIPlugin:80 - create IPUIPlugin
2025-01-11 12:39:02,729 [INFO] PluginManager:220 - loadIPPluginJar : add fmc
2025-01-11 12:39:02,734 [INFO] IPUIPlugin:80 - create IPUIPlugin
2025-01-11 12:39:02,734 [INFO] PluginManager:220 - loadIPPluginJar : add freertos
2025-01-11 12:39:02,736 [INFO] IPUIPlugin:80 - create IPUIPlugin
2025-01-11 12:39:02,736 [INFO] PluginManager:220 - loadIPPluginJar : add genericplugin
2025-01-11 12:39:02,738 [INFO] IPUIPlugin:80 - create IPUIPlugin
2025-01-11 12:39:02,738 [INFO] PluginManager:220 - loadIPPluginJar : add gfxmmu
2025-01-11 12:39:02,742 [INFO] IPUIPlugin:80 - create IPUIPlugin
2025-01-11 12:39:02,743 [INFO] PluginManager:220 - loadIPPluginJar : add gic
2025-01-11 12:39:02,746 [INFO] IPUIPlugin:80 - create IPUIPlugin
2025-01-11 12:39:02,748 [INFO] PluginManager:220 - loadIPPluginJar : add gpio
2025-01-11 12:39:02,750 [INFO] IPUIPlugin:80 - create IPUIPlugin
2025-01-11 12:39:02,750 [INFO] PluginManager:220 - loadIPPluginJar : add gtzc
2025-01-11 12:39:02,753 [INFO] IPUIPlugin:80 - create IPUIPlugin
2025-01-11 12:39:02,753 [INFO] PluginManager:220 - loadIPPluginJar : add hash
2025-01-11 12:39:02,755 [INFO] IPUIPlugin:80 - create IPUIPlugin
2025-01-11 12:39:02,755 [INFO] PluginManager:220 - loadIPPluginJar : add i2c
2025-01-11 12:39:02,758 [INFO] IPUIPlugin:80 - create IPUIPlugin
2025-01-11 12:39:02,758 [INFO] PluginManager:220 - loadIPPluginJar : add i2s
2025-01-11 12:39:02,761 [INFO] IPUIPlugin:80 - create IPUIPlugin
2025-01-11 12:39:02,761 [INFO] PluginManager:220 - loadIPPluginJar : add i3c
2025-01-11 12:39:02,764 [INFO] IPUIPlugin:80 - create IPUIPlugin
2025-01-11 12:39:02,764 [INFO] PluginManager:220 - loadIPPluginJar : add ipddr
2025-01-11 12:39:02,769 [INFO] IPUIPlugin:80 - create IPUIPlugin
2025-01-11 12:39:02,769 [INFO] PluginManager:220 - loadIPPluginJar : add linkedlist
2025-01-11 12:39:02,771 [INFO] IPUIPlugin:80 - create IPUIPlugin
2025-01-11 12:39:02,771 [INFO] PluginManager:220 - loadIPPluginJar : add lorawan
2025-01-11 12:39:02,772 [INFO] IPUIPlugin:80 - create IPUIPlugin
2025-01-11 12:39:02,773 [INFO] PluginManager:220 - loadIPPluginJar : add ltdc
2025-01-11 12:39:02,777 [INFO] IPUIPlugin:80 - create IPUIPlugin
2025-01-11 12:39:02,777 [INFO] PluginManager:220 - loadIPPluginJar : add mdma
2025-01-11 12:39:02,780 [INFO] IPUIPlugin:80 - create IPUIPlugin
2025-01-11 12:39:02,780 [INFO] PluginManager:220 - loadIPPluginJar : add nvic
2025-01-11 12:39:02,782 [INFO] IPUIPlugin:80 - create IPUIPlugin
2025-01-11 12:39:02,782 [INFO] PluginManager:220 - loadIPPluginJar : add opamp
2025-01-11 12:39:02,784 [INFO] IPUIPlugin:80 - create IPUIPlugin
2025-01-11 12:39:02,784 [INFO] PluginManager:220 - loadIPPluginJar : add openamp
2025-01-11 12:39:02,787 [INFO] IPUIPlugin:80 - create IPUIPlugin
2025-01-11 12:39:02,787 [INFO] PluginManager:220 - loadIPPluginJar : add pdm2pcm
2025-01-11 12:39:02,792 [INFO] IPUIPlugin:80 - create IPUIPlugin
2025-01-11 12:39:02,795 [INFO] PluginManager:220 - loadIPPluginJar : add plateformsettings
2025-01-11 12:39:02,796 [INFO] IPUIPlugin:80 - create IPUIPlugin
2025-01-11 12:39:02,796 [INFO] PluginManager:220 - loadIPPluginJar : add quadspi
2025-01-11 12:39:02,799 [INFO] IPUIPlugin:80 - create IPUIPlugin
2025-01-11 12:39:02,800 [INFO] PluginManager:220 - loadIPPluginJar : add resmgrutility
2025-01-11 12:39:02,803 [INFO] IPUIPlugin:80 - create IPUIPlugin
2025-01-11 12:39:02,803 [INFO] PluginManager:220 - loadIPPluginJar : add sai
2025-01-11 12:39:02,804 [INFO] IPUIPlugin:80 - create IPUIPlugin
2025-01-11 12:39:02,804 [INFO] PluginManager:220 - loadIPPluginJar : add spi
2025-01-11 12:39:02,808 [INFO] IPUIPlugin:80 - create IPUIPlugin
2025-01-11 12:39:02,809 [INFO] PluginManager:220 - loadIPPluginJar : add stm32_wpan
2025-01-11 12:39:02,810 [INFO] IPUIPlugin:80 - create IPUIPlugin
2025-01-11 12:39:02,810 [INFO] PluginManager:220 - loadIPPluginJar : add tim
2025-01-11 12:39:02,813 [INFO] IPUIPlugin:80 - create IPUIPlugin
2025-01-11 12:39:02,813 [INFO] PluginManager:220 - loadIPPluginJar : add touchsensing
2025-01-11 12:39:02,815 [INFO] IPUIPlugin:80 - create IPUIPlugin
2025-01-11 12:39:02,815 [INFO] PluginManager:220 - loadIPPluginJar : add tracer_emb
2025-01-11 12:39:02,817 [INFO] IPUIPlugin:80 - create IPUIPlugin
2025-01-11 12:39:02,817 [INFO] PluginManager:220 - loadIPPluginJar : add ts
2025-01-11 12:39:02,818 [INFO] IPUIPlugin:80 - create IPUIPlugin
2025-01-11 12:39:02,819 [INFO] PluginManager:220 - loadIPPluginJar : add tsc
2025-01-11 12:39:02,820 [INFO] IPUIPlugin:80 - create IPUIPlugin
2025-01-11 12:39:02,820 [INFO] PluginManager:220 - loadIPPluginJar : add ucpd
2025-01-11 12:39:02,823 [INFO] IPUIPlugin:80 - create IPUIPlugin
2025-01-11 12:39:02,823 [INFO] PluginManager:220 - loadIPPluginJar : add usart
2025-01-11 12:39:02,826 [INFO] IPUIPlugin:80 - create IPUIPlugin
2025-01-11 12:39:02,826 [INFO] PluginManager:220 - loadIPPluginJar : add usbx
2025-01-11 12:39:02,944 [INFO] CADModel:165 - CPN selected for project level
2025-01-11 12:39:02,944 [INFO] CADModel:114 - Register for checkConnection events
2025-01-11 12:39:02,945 [FATAL] Updater:308 - Updater called before beeing initialized
2025-01-11 12:39:02,945 [ERROR] CADModel:125 - Updater not yet initialized, retry later 
2025-01-11 12:39:03,035 [INFO] CADModel:165 - CPN selected for project level
2025-01-11 12:39:03,035 [INFO] CADModel:114 - Register for checkConnection events
2025-01-11 12:39:03,035 [FATAL] Updater:308 - Updater called before beeing initialized
2025-01-11 12:39:03,035 [ERROR] CADModel:125 - Updater not yet initialized, retry later 
2025-01-11 12:39:03,037 [FATAL] Updater:308 - Updater called before beeing initialized
2025-01-11 12:39:03,124 [FATAL] Updater:308 - Updater called before beeing initialized
2025-01-11 12:39:03,127 [INFO] DbMcusAds:53 - JSON generation date=Tue Dec 17 21:31:15 IST 2024 (1734451275222)
2025-01-11 12:39:03,127 [FATAL] Updater:308 - Updater called before beeing initialized
2025-01-11 12:39:03,156 [WARN] DetailPanel:346 - Failed to get advertising image, set to default
2025-01-11 12:39:03,233 [FATAL] Updater:308 - Updater called before beeing initialized
2025-01-11 12:39:03,234 [FATAL] Updater:308 - Updater called before beeing initialized
2025-01-11 12:39:03,234 [FATAL] Updater:308 - Updater called before beeing initialized
2025-01-11 12:39:03,235 [WARN] DetailPanel:346 - Failed to get advertising image, set to default
2025-01-11 12:39:03,235 [FATAL] Updater:308 - Updater called before beeing initialized
2025-01-11 12:39:03,269 [ERROR] Updater:1120 - MainUpdater not yet initialized. External WinMGr cannot be set.
2025-01-11 12:39:03,270 [INFO] Updater:1056 - Updater Version found : 6.11.1
2025-01-11 12:39:03,282 [INFO] ApplicationProperties:184 - Using Application install path: C:\ST\STM32CubeIDE_1.15.0\STM32CubeIDE\plugins\com.st.stm32cube.common.mx_6.11.1.202404110753
2025-01-11 12:39:04,848 [ERROR] LogOutputStream:75 - [STDERR_REDIRECT] Jan 11, 2025 12:39:04 PM java.util.prefs.WindowsPreferences <init>
2025-01-11 12:39:04,849 [ERROR] LogOutputStream:75 - [STDERR_REDIRECT] WARNING: Could not open/create prefs root node Software\JavaSoft\Prefs at root 0xffffffff80000002. Windows RegCreateKeyEx(...) returned error code 5.
2025-01-11 12:39:04,849 [ERROR] LogOutputStream:75 - [STDERR_REDIRECT] 
2025-01-11 12:39:05,051 [INFO] MainUpdater:2873 - connection check result : 10
2025-01-11 12:39:05,051 [INFO] MainUpdater:290 - Updater Check For Update Now.
2025-01-11 12:39:05,052 [INFO] MicroXplorer:498 - Change Database Version : DB.6.0.111
2025-01-11 12:39:05,056 [INFO] McuFinderGlobals:63 - Set McuFinder mode to 2 (CubeIDE integrated)
2025-01-11 12:39:05,061 [INFO] UserAuth:415 - Internet connection configuration mode: 1
2025-01-11 12:39:05,075 [INFO] JxBrowserEngine:152 - Initiate JxBrowser Engine with user profile folder
2025-01-11 12:39:05,224 [INFO] CheckServerUpdateThread:120 - End of CheckServer Thread
2025-01-11 12:39:06,102 [WARN] PackLoader:240 - Cannot read IP mode file for STMicroelectronics.FP-SNS-MOTENVWB1.1.4.0
2025-01-11 12:39:06,115 [WARN] PackLoader:240 - Cannot read IP mode file for STMicroelectronics.X-CUBE-SMBUS.2.1.0
2025-01-11 12:39:06,121 [WARN] PackLoader:240 - Cannot read IP mode file for STMicroelectronics.X-CUBE-TOUCHGFX.4.23.2
2025-01-11 12:39:06,165 [WARN] PackLoader:240 - Cannot read IP mode file for STMicroelectronics.X-CUBE-AZRTOS-F7.1.1.0
2025-01-11 12:39:06,178 [WARN] PackLoader:240 - Cannot read IP mode file for STMicroelectronics.FP-SNS-FLIGHT1.5.0.2
2025-01-11 12:39:06,186 [WARN] PackLoader:240 - Cannot read IP mode file for STMicroelectronics.X-CUBE-DISPLAY.3.0.0
2025-01-11 12:39:06,198 [WARN] PackLoader:240 - Cannot read IP mode file for STMicroelectronics.X-CUBE-BLE1.7.0.0
2025-01-11 12:39:06,206 [WARN] PackLoader:240 - Cannot read IP mode file for emotas.I-CUBE-CANOPEN.1.3.0
2025-01-11 12:39:06,220 [WARN] PackLoader:240 - Cannot read IP mode file for STMicroelectronics.X-CUBE-BLEMGR.3.1.0
2025-01-11 12:39:06,226 [INFO] WebApp:161 - Instantiating new browser for Auth
2025-01-11 12:39:06,227 [WARN] PackLoader:240 - Cannot read IP mode file for STMicroelectronics.FP-SNS-SMARTAG2.1.2.0
2025-01-11 12:39:06,237 [INFO] LogOutputStream:77 - [STDOUT_REDIRECT] 1 : Invalid condition id : UX_CORESTACK_Condition cause : null
2025-01-11 12:39:06,237 [INFO] LogOutputStream:77 - [STDOUT_REDIRECT] 1 : Invalid condition id : UX_CORESTACK_Condition cause : null
2025-01-11 12:39:06,240 [INFO] LogOutputStream:77 - [STDOUT_REDIRECT] 1 : Invalid condition id : UX_CORESTACK_Condition cause : null
2025-01-11 12:39:06,241 [INFO] LogOutputStream:77 - [STDOUT_REDIRECT] 1 : Invalid condition id : UX_CORESTACK_Condition cause : null
2025-01-11 12:39:06,244 [INFO] LogOutputStream:77 - [STDOUT_REDIRECT] 1 : Invalid condition id : UX_CORESTACK_Condition cause : null
2025-01-11 12:39:06,251 [WARN] PackLoader:240 - Cannot read IP mode file for STMicroelectronics.X-CUBE-AZRTOS-WL.2.0.0
2025-01-11 12:39:06,260 [WARN] PackLoader:240 - Cannot read IP mode file for STMicroelectronics.FP-SNS-MOTENV1.5.0.0
2025-01-11 12:39:06,269 [WARN] PackLoader:240 - Cannot read IP mode file for wolfSSL.I-CUBE-wolfMQTT.1.19.0
2025-01-11 12:39:06,281 [WARN] PackLoader:240 - Cannot read IP mode file for WES.I-CUBE-Cesium.1.3.0
2025-01-11 12:39:06,287 [WARN] PackLoader:240 - Cannot read IP mode file for STMicroelectronics.X-CUBE-BLE2.3.3.0
2025-01-11 12:39:06,295 [WARN] PackLoader:240 - Cannot read IP mode file for STMicroelectronics.X-CUBE-TCPP.4.1.0
2025-01-11 12:39:06,305 [WARN] PackLoader:240 - Cannot read IP mode file for STMicroelectronics.X-CUBE-ALGOBUILD.1.3.0
2025-01-11 12:39:06,326 [WARN] PackLoader:240 - Cannot read IP mode file for STMicroelectronics.X-CUBE-AZRTOS-G0.1.1.0
2025-01-11 12:39:06,335 [WARN] PackLoader:240 - Cannot read IP mode file for STMicroelectronics.X-CUBE-SAFEA1.1.2.2
2025-01-11 12:39:06,343 [WARN] PackLoader:240 - Cannot read IP mode file for STMicroelectronics.X-CUBE-NFC4.3.0.0
2025-01-11 12:39:06,348 [WARN] PackLoader:240 - Cannot read IP mode file for wolfSSL.I-CUBE-wolfMQTT.1.18.0
2025-01-11 12:39:06,357 [WARN] PackLoader:240 - Cannot read IP mode file for EmbeddedOffice.I-CUBE-FS-RTOS.1.0.1
2025-01-11 12:39:06,358 [ERROR] ConditionMgr:805 - Attr not supported : Dmpu
2025-01-11 12:39:06,358 [ERROR] ConditionMgr:805 - Attr not supported : Dmpu
2025-01-11 12:39:06,358 [ERROR] ConditionMgr:805 - Attr not supported : Dmpu
2025-01-11 12:39:06,358 [ERROR] ConditionMgr:805 - Attr not supported : Dmpu
2025-01-11 12:39:06,358 [ERROR] ConditionMgr:805 - Attr not supported : Dmpu
2025-01-11 12:39:06,358 [ERROR] ConditionMgr:805 - Attr not supported : Dmpu
2025-01-11 12:39:06,358 [ERROR] ConditionMgr:805 - Attr not supported : Dmpu
2025-01-11 12:39:06,358 [ERROR] ConditionMgr:805 - Attr not supported : Dmpu
2025-01-11 12:39:06,358 [ERROR] ConditionMgr:805 - Attr not supported : Dmpu
2025-01-11 12:39:06,358 [ERROR] ConditionMgr:805 - Attr not supported : Dmpu
2025-01-11 12:39:06,358 [ERROR] ConditionMgr:805 - Attr not supported : Dmpu
2025-01-11 12:39:06,358 [ERROR] ConditionMgr:805 - Attr not supported : Dmpu
2025-01-11 12:39:06,359 [ERROR] ConditionMgr:805 - Attr not supported : Dmpu
2025-01-11 12:39:06,359 [ERROR] ConditionMgr:805 - Attr not supported : Dmpu
2025-01-11 12:39:06,359 [ERROR] ConditionMgr:805 - Attr not supported : Dmpu
2025-01-11 12:39:06,359 [ERROR] ConditionMgr:805 - Attr not supported : Dmpu
2025-01-11 12:39:06,359 [ERROR] ConditionMgr:805 - Attr not supported : Dmpu
2025-01-11 12:39:06,359 [ERROR] ConditionMgr:805 - Attr not supported : Dmpu
2025-01-11 12:39:06,359 [ERROR] ConditionMgr:805 - Attr not supported : Dmpu
2025-01-11 12:39:06,359 [ERROR] ConditionMgr:805 - Attr not supported : Dmpu
2025-01-11 12:39:06,359 [ERROR] ConditionMgr:805 - Attr not supported : Dmpu
2025-01-11 12:39:06,359 [ERROR] ConditionMgr:805 - Attr not supported : Dmpu
2025-01-11 12:39:06,359 [ERROR] ConditionMgr:805 - Attr not supported : Dmpu
2025-01-11 12:39:06,359 [ERROR] ConditionMgr:805 - Attr not supported : Dmpu
2025-01-11 12:39:06,359 [ERROR] ConditionMgr:805 - Attr not supported : Dmpu
2025-01-11 12:39:06,359 [ERROR] ConditionMgr:805 - Attr not supported : Dmpu
2025-01-11 12:39:06,359 [ERROR] ConditionMgr:805 - Attr not supported : Dmpu
2025-01-11 12:39:06,359 [ERROR] ConditionMgr:805 - Attr not supported : Dmpu
2025-01-11 12:39:06,359 [ERROR] ConditionMgr:805 - Attr not supported : Dmpu
2025-01-11 12:39:06,360 [ERROR] ConditionMgr:805 - Attr not supported : Dmpu
2025-01-11 12:39:06,360 [ERROR] ConditionMgr:805 - Attr not supported : Dmpu
2025-01-11 12:39:06,360 [ERROR] ConditionMgr:805 - Attr not supported : Dmpu
2025-01-11 12:39:06,360 [ERROR] ConditionMgr:805 - Attr not supported : Dmpu
2025-01-11 12:39:06,360 [ERROR] ConditionMgr:805 - Attr not supported : Dmpu
2025-01-11 12:39:06,360 [ERROR] ConditionMgr:805 - Attr not supported : Dmpu
2025-01-11 12:39:06,360 [ERROR] ConditionMgr:805 - Attr not supported : Dmpu
2025-01-11 12:39:06,360 [ERROR] ConditionMgr:805 - Attr not supported : Dmpu
2025-01-11 12:39:06,360 [ERROR] ConditionMgr:805 - Attr not supported : Dmpu
2025-01-11 12:39:06,360 [ERROR] ConditionMgr:805 - Attr not supported : Dmpu
2025-01-11 12:39:06,360 [ERROR] ConditionMgr:805 - Attr not supported : Dmpu
2025-01-11 12:39:06,360 [ERROR] ConditionMgr:805 - Attr not supported : Dmpu
2025-01-11 12:39:06,360 [ERROR] ConditionMgr:805 - Attr not supported : Dmpu
2025-01-11 12:39:06,360 [ERROR] ConditionMgr:805 - Attr not supported : Dmpu
2025-01-11 12:39:06,360 [ERROR] ConditionMgr:805 - Attr not supported : Dmpu
2025-01-11 12:39:06,362 [ERROR] ConditionMgr:805 - Attr not supported : Dmpu
2025-01-11 12:39:06,362 [ERROR] ConditionMgr:805 - Attr not supported : Dmpu
2025-01-11 12:39:06,362 [ERROR] ConditionMgr:805 - Attr not supported : Dmpu
2025-01-11 12:39:06,362 [ERROR] ConditionMgr:805 - Attr not supported : Dmpu
2025-01-11 12:39:06,362 [ERROR] ConditionMgr:805 - Attr not supported : Dmpu
2025-01-11 12:39:06,362 [ERROR] ConditionMgr:805 - Attr not supported : Dmpu
2025-01-11 12:39:06,362 [ERROR] ConditionMgr:805 - Attr not supported : Dmpu
2025-01-11 12:39:06,362 [ERROR] ConditionMgr:805 - Attr not supported : Dmpu
2025-01-11 12:39:06,362 [ERROR] ConditionMgr:805 - Attr not supported : Dmpu
2025-01-11 12:39:06,362 [ERROR] ConditionMgr:805 - Attr not supported : Dmpu
2025-01-11 12:39:06,362 [ERROR] ConditionMgr:805 - Attr not supported : Dmpu
2025-01-11 12:39:06,363 [ERROR] ConditionMgr:805 - Attr not supported : Dmpu
2025-01-11 12:39:06,363 [ERROR] ConditionMgr:805 - Attr not supported : Dmpu
2025-01-11 12:39:06,363 [ERROR] ConditionMgr:805 - Attr not supported : Dmpu
2025-01-11 12:39:06,363 [ERROR] ConditionMgr:805 - Attr not supported : Dmpu
2025-01-11 12:39:06,363 [ERROR] ConditionMgr:805 - Attr not supported : Dmpu
2025-01-11 12:39:06,363 [ERROR] ConditionMgr:805 - Attr not supported : Dmpu
2025-01-11 12:39:06,363 [ERROR] ConditionMgr:805 - Attr not supported : Dmpu
2025-01-11 12:39:06,363 [ERROR] ConditionMgr:805 - Attr not supported : Dmpu
2025-01-11 12:39:06,363 [ERROR] ConditionMgr:805 - Attr not supported : Dmpu
2025-01-11 12:39:06,367 [WARN] PackLoader:240 - Cannot read IP mode file for RealThread.X-CUBE-RT-Thread_Nano.4.1.1
2025-01-11 12:39:06,371 [WARN] PackLoader:240 - Cannot read IP mode file for wolfSSL.I-CUBE-wolfSSL.5.7.0
2025-01-11 12:39:06,376 [WARN] PackLoader:240 - Cannot read IP mode file for STMicroelectronics.FP-ATR-SIGFOX1.3.2.0
2025-01-11 12:39:06,382 [WARN] PackLoader:240 - Cannot read IP mode file for STMicroelectronics.X-CUBE-EEPRMA1.5.1.0
2025-01-11 12:39:06,390 [WARN] PackLoader:240 - Cannot read IP mode file for ITTIA_DB.I-CUBE-ITTIADB.8.9.0
2025-01-11 12:39:06,420 [WARN] PackLoader:240 - Cannot read IP mode file for SEGGER.I-CUBE-embOS.1.3.1
2025-01-11 12:39:06,509 [WARN] PackLoader:240 - Cannot read IP mode file for STMicroelectronics.X-CUBE-ALGOBUILD.1.4.0
2025-01-11 12:39:06,516 [WARN] PackLoader:240 - Cannot read IP mode file for STMicroelectronics.X-CUBE-GNSS1.6.0.0
2025-01-11 12:39:06,538 [WARN] PackLoader:240 - Cannot read IP mode file for STMicroelectronics.X-CUBE-AZRTOS-F4.1.1.0
2025-01-11 12:39:06,544 [WARN] PackLoader:240 - Cannot read IP mode file for STMicroelectronics.X-CUBE-FREERTOS.1.2.0
2025-01-11 12:39:06,558 [WARN] PackLoader:240 - Cannot read IP mode file for STMicroelectronics.X-CUBE-AZRTOS-L5.2.0.0
2025-01-11 12:39:06,566 [WARN] PackLoader:240 - Cannot read IP mode file for STMicroelectronics.X-CUBE-NFC6.3.1.0
2025-01-11 12:39:06,571 [WARN] PackLoader:240 - Cannot read IP mode file for STMicroelectronics.X-CUBE-DPower.1.2.0
2025-01-11 12:39:06,576 [WARN] PackLoader:240 - Cannot read IP mode file for STMicroelectronics.X-CUBE-AI.9.0.0
2025-01-11 12:39:06,580 [WARN] PackLoader:240 - Cannot read IP mode file for STMicroelectronics.X-CUBE-NFC7.1.0.1
2025-01-11 12:39:06,585 [WARN] PackLoader:240 - Cannot read IP mode file for wolfSSL.I-CUBE-wolfTPM.3.2.0
2025-01-11 12:39:06,588 [WARN] PackLoader:240 - Cannot read IP mode file for STMicroelectronics.X-CUBE-AI.8.1.0
2025-01-11 12:39:06,604 [WARN] ConditionMgr:438 - getConditionDescription Invalid condition id : LAN8742 Phy interface Condition cause : null
2025-01-11 12:39:06,605 [WARN] PackLoader:240 - Cannot read IP mode file for STMicroelectronics.X-CUBE-AZRTOS-L4.2.0.0
2025-01-11 12:39:06,606 [WARN] ConditionMgr:1039 - genDependencies : Invalid condition id : LAN8742 Phy interface Condition cause : null
2025-01-11 12:39:06,606 [WARN] ConditionMgr:1039 - genDependencies : Invalid condition id : LAN8742 Phy interface Condition cause : null
2025-01-11 12:39:06,607 [WARN] ConditionMgr:1039 - genDependencies : Invalid condition id : LAN8742 Phy interface Condition cause : null
2025-01-11 12:39:06,616 [WARN] PackLoader:240 - Cannot read IP mode file for STMicroelectronics.X-CUBE-SFXS2LP1.4.0.0
2025-01-11 12:39:06,629 [WARN] ConditionMgr:438 - getConditionDescription Invalid condition id : UX DEVICE CLASS RTOS Condition cause : null
2025-01-11 12:39:06,630 [WARN] ConditionMgr:438 - getConditionDescription Invalid condition id : UX DEVICE CLASS RTOS Condition cause : null
2025-01-11 12:39:06,631 [WARN] PackLoader:240 - Cannot read IP mode file for STMicroelectronics.X-CUBE-AZRTOS-WB.2.0.0
2025-01-11 12:39:06,631 [WARN] ConditionMgr:1039 - genDependencies : Invalid condition id : UX DEVICE CLASS RTOS Condition cause : null
2025-01-11 12:39:06,631 [WARN] ConditionMgr:1039 - genDependencies : Invalid condition id : UX DEVICE CLASS RTOS Condition cause : null
2025-01-11 12:39:06,632 [WARN] ConditionMgr:1039 - genDependencies : Invalid condition id : UX DEVICE CLASS RTOS Condition cause : null
2025-01-11 12:39:06,632 [WARN] ConditionMgr:1039 - genDependencies : Invalid condition id : UX DEVICE CLASS RTOS Condition cause : null
2025-01-11 12:39:06,632 [WARN] ConditionMgr:1039 - genDependencies : Invalid condition id : UX DEVICE CLASS RTOS Condition cause : null
2025-01-11 12:39:06,638 [WARN] PackLoader:240 - Cannot read IP mode file for STMicroelectronics.FP-SNS-STBOX1.2.0.0
2025-01-11 12:39:06,649 [WARN] PackLoader:240 - Cannot read IP mode file for STMicroelectronics.X-CUBE-SUBG2.5.0.0
2025-01-11 12:39:06,658 [WARN] PackLoader:240 - Cannot read IP mode file for Cesanta.I-CUBE-Mongoose.7.13.0
2025-01-11 12:39:06,675 [WARN] PackLoader:240 - Cannot read IP mode file for STMicroelectronics.X-CUBE-AZRTOS-G4.2.0.0
2025-01-11 12:39:06,684 [WARN] PackLoader:240 - Cannot read IP mode file for STMicroelectronics.FP-SNS-MOTENVWB1.1.3.1
2025-01-11 12:39:06,688 [WARN] PackLoader:240 - Cannot read IP mode file for STMicroelectronics.X-CUBE-ISPU.2.0.0
2025-01-11 12:39:06,694 [WARN] PackLoader:240 - Cannot read IP mode file for STMicroelectronics.X-CUBE-ALS.1.0.2
2025-01-11 12:39:06,742 [WARN] PackLoader:240 - Cannot read IP mode file for STMicroelectronics.X-CUBE-MEMS1.10.0.0
2025-01-11 12:39:06,850 [WARN] PackLoader:240 - Cannot read IP mode file for STMicroelectronics.X-CUBE-FREERTOS.1.1.0
2025-01-11 12:39:06,853 [WARN] PackLoader:240 - Cannot read IP mode file for STMicroelectronics.X-CUBE-TOUCHGFX.4.24.0
2025-01-11 12:39:06,859 [WARN] PackLoader:240 - Cannot read IP mode file for portGmbH.I-Cube-SoM-uGOAL.1.1.0
2025-01-11 12:39:06,863 [WARN] PackLoader:240 - Cannot read IP mode file for STMicroelectronics.X-CUBE-ALS.1.0.1
2025-01-11 12:39:06,878 [WARN] PackLoader:240 - Cannot read IP mode file for STMicroelectronics.X-CUBE-AZRTOS-H7RS.1.0.0
2025-01-11 12:39:06,882 [WARN] PackLoader:240 - Cannot read IP mode file for STMicroelectronics.FP-ATR-ASTRA1.2.0.0
2025-01-11 12:39:06,891 [WARN] PackLoader:240 - Cannot read IP mode file for STMicroelectronics.X-CUBE-TOF1.3.4.2
2025-01-11 12:39:06,893 [INFO] WebApp:779 - Register for checkConnection events
2025-01-11 12:39:06,893 [INFO] WebApp:414 - Apply proxy settings
2025-01-11 12:39:06,893 [INFO] WebApp:499 - Chromium requires no authentication
2025-01-11 12:39:06,906 [INFO] WebApp:442 - Direct internet connection detected
2025-01-11 12:39:06,912 [WARN] PackLoader:240 - Cannot read IP mode file for STMicroelectronics.X-CUBE-TOF1.3.4.1
2025-01-11 12:39:06,939 [WARN] PackLoader:240 - Cannot read IP mode file for STMicroelectronics.X-CUBE-AZRTOS-H7.3.2.0
2025-01-11 12:39:06,955 [WARN] PackLoader:240 - Cannot read IP mode file for Infineon.AIROC-Wi-Fi-Bluetooth-STM32.1.6.0
2025-01-11 12:39:06,962 [WARN] PackLoader:240 - Cannot read IP mode file for wolfSSL.I-CUBE-wolfSSH.1.4.17
2025-01-11 12:39:06,964 [INFO] ThirdParty:978 - Integrity check success = true
2025-01-11 12:39:06,964 [INFO] IntegrityCheckThread:100 - exiting critical section [integrity check]
2025-01-11 12:39:06,964 [INFO] IntegrityCheckThread:103 - End integrity checks thread
2025-01-11 12:39:07,085 [INFO] WebApp:192 - Starting web application
2025-01-11 12:39:07,086 [INFO] WebApp:544 - Web application path used C:\ST\STM32CubeIDE_1.15.0\STM32CubeIDE\plugins\com.st.stm32cube.common.mx_6.11.1.202404110753\db\plugins\mcufinder\reactClient1\index.html
2025-01-11 12:39:27,092 [ERROR] LogOutputStream:75 - [STDERR_REDIRECT] 
2025-01-11 12:39:31,496 [INFO] Activator:176 - 


2025-01-11 12:39:31,497 [INFO] Activator:177 - !SESSION log4j initialized
2025-01-11 12:39:33,820 [INFO] LogOutputStream:77 - [STDOUT_REDIRECT] 
2025-01-11 12:39:35,464 [INFO] ApplicationProperties:184 - Using Application install path: C:\ST\STM32CubeIDE_1.15.0\STM32CubeIDE\plugins\com.st.stm32cube.common.mx_6.11.1.202404110753
2025-01-11 12:39:35,476 [INFO] DbMcusXml:78 - Set database path to: C:\ST\STM32CubeIDE_1.15.0\STM32CubeIDE\plugins\com.st.stm32cube.common.mx_6.11.1.202404110753\\db\/mcu/
2025-01-11 12:39:35,477 [INFO] ApiDb:274 - Set plugin database path to: C:\ST\STM32CubeIDE_1.15.0\STM32CubeIDE\plugins\com.st.stm32cube.common.mx_6.11.1.202404110753\\db\/plugins/boardmanager/
2025-01-11 12:39:35,477 [WARN] ApiDb:259 - Overriding images path with different value:  => C:\ST\STM32CubeIDE_1.15.0\STM32CubeIDE\plugins\com.st.stm32cube.common.mx_6.11.1.202404110753\\db\/plugins/mcufinder/images/
2025-01-11 12:39:35,481 [INFO] ApiDb:250 - Set database path to: C:\Users\adity\.stmcufinder\plugins\mcufinder//mcu/
2025-01-11 12:39:35,482 [INFO] DbMcusAds:125 - Set database path to: C:\Users\adity\.stmcufinder\plugins\mcufinder//mcu/
2025-01-11 12:39:35,483 [INFO] CrossReferenceDbSqlite:203 - Set database path to: C:\Users\adity\.stmcufinder\plugins\mcufinder//mcu/cs/
2025-01-11 12:39:35,561 [INFO] RulesReader:64 - Compatibility file has been processed (297 Rules)
2025-01-11 12:39:35,613 [INFO] DbMcusXml:78 - Set database path to: C:\ST\STM32CubeIDE_1.15.0\STM32CubeIDE\plugins\com.st.stm32cube.common.mx_6.11.1.202404110753\\db\/mcu/
2025-01-11 12:39:35,613 [INFO] ApiDb:274 - Set plugin database path to: C:\ST\STM32CubeIDE_1.15.0\STM32CubeIDE\plugins\com.st.stm32cube.common.mx_6.11.1.202404110753\\db\/plugins/boardmanager/
2025-01-11 12:39:35,613 [INFO] ApiDb:261 - Set plugin images path to: C:\ST\STM32CubeIDE_1.15.0\STM32CubeIDE\plugins\com.st.stm32cube.common.mx_6.11.1.202404110753\\db\/plugins/mcufinder/images/
2025-01-11 12:39:35,614 [WARN] DbFile:41 - Overriding database path with different value: C:\Users\adity\.stmcufinder\plugins\mcufinder/ => C:\Users\adity\.stmcufinder\plugins\mcufinder
2025-01-11 12:39:35,614 [INFO] ApiDb:250 - Set database path to: C:\Users\adity\.stmcufinder\plugins\mcufinder//mcu/
2025-01-11 12:39:35,614 [WARN] DbFile:41 - Overriding database path with different value: C:\Users\adity\.stmcufinder\plugins\mcufinder/ => C:\Users\adity\.stmcufinder\plugins\mcufinder
2025-01-11 12:39:35,614 [INFO] DbMcusAds:125 - Set database path to: C:\Users\adity\.stmcufinder\plugins\mcufinder//mcu/
2025-01-11 12:39:35,614 [WARN] DbFile:41 - Overriding database path with different value: C:\Users\adity\.stmcufinder\plugins\mcufinder/ => C:\Users\adity\.stmcufinder\plugins\mcufinder
2025-01-11 12:39:35,614 [WARN] DbFile:41 - Overriding database path with different value: C:\Users\adity\.stmcufinder\plugins\mcufinder/ => C:\Users\adity\.stmcufinder\plugins\mcufinder
2025-01-11 12:39:35,614 [INFO] CrossReferenceDbSqlite:203 - Set database path to: C:\Users\adity\.stmcufinder\plugins\mcufinder//mcu/cs/
2025-01-11 12:39:35,670 [INFO] MainPanel:264 - HeapMemory: 268435456
2025-01-11 12:39:35,728 [INFO] DbMcusXml:78 - Set database path to: C:\ST\STM32CubeIDE_1.15.0\STM32CubeIDE\plugins\com.st.stm32cube.common.mx_6.11.1.202404110753\\db\/mcu/
2025-01-11 12:39:35,728 [INFO] ApiDb:274 - Set plugin database path to: C:\ST\STM32CubeIDE_1.15.0\STM32CubeIDE\plugins\com.st.stm32cube.common.mx_6.11.1.202404110753\\db\/plugins/boardmanager/
2025-01-11 12:39:35,728 [INFO] ApiDb:261 - Set plugin images path to: C:\ST\STM32CubeIDE_1.15.0\STM32CubeIDE\plugins\com.st.stm32cube.common.mx_6.11.1.202404110753\\db\/plugins/mcufinder/images/
2025-01-11 12:39:35,728 [WARN] DbFile:41 - Overriding database path with different value: C:\Users\adity\.stmcufinder\plugins\mcufinder/ => C:\Users\adity\.stmcufinder\plugins\mcufinder
2025-01-11 12:39:35,728 [INFO] ApiDb:250 - Set database path to: C:\Users\adity\.stmcufinder\plugins\mcufinder//mcu/
2025-01-11 12:39:35,728 [WARN] DbFile:41 - Overriding database path with different value: C:\Users\adity\.stmcufinder\plugins\mcufinder/ => C:\Users\adity\.stmcufinder\plugins\mcufinder
2025-01-11 12:39:35,728 [INFO] DbMcusAds:125 - Set database path to: C:\Users\adity\.stmcufinder\plugins\mcufinder//mcu/
2025-01-11 12:39:35,728 [WARN] DbFile:41 - Overriding database path with different value: C:\Users\adity\.stmcufinder\plugins\mcufinder/ => C:\Users\adity\.stmcufinder\plugins\mcufinder
2025-01-11 12:39:35,728 [WARN] DbFile:41 - Overriding database path with different value: C:\Users\adity\.stmcufinder\plugins\mcufinder/ => C:\Users\adity\.stmcufinder\plugins\mcufinder
2025-01-11 12:39:35,728 [INFO] CrossReferenceDbSqlite:203 - Set database path to: C:\Users\adity\.stmcufinder\plugins\mcufinder//mcu/cs/
2025-01-11 12:39:35,740 [INFO] ApplicationProperties:184 - Using Application install path: C:\ST\STM32CubeIDE_1.15.0\STM32CubeIDE\plugins\com.st.stm32cube.common.mx_6.11.1.202404110753
2025-01-11 12:39:35,741 [INFO] PluginManage:196 - Search for loadable plugins [exclusion list=, ]
2025-01-11 12:39:35,741 [INFO] PluginManage:310 - Check plugin analytics
2025-01-11 12:39:35,880 [INFO] AnalyticsPlugin:253 - Accepted Software Licenses: 
2025-01-11 12:39:35,880 [INFO] AnalyticsPlugin:255 - Accepted CMSIS Pack Licenses: 
2025-01-11 12:39:35,880 [INFO] AnalyticsPlugin:257 - Accepted Firmware Licenses: 
2025-01-11 12:39:35,883 [INFO] PluginManage:359 - Loaded plugin analytics (category:tool,tabindex:-1)
2025-01-11 12:39:35,883 [INFO] PluginManage:310 - Check plugin cadmodel
2025-01-11 12:39:35,902 [INFO] CADModel:105 - Init CAD model plugin
2025-01-11 12:39:35,902 [INFO] PluginManage:359 - Loaded plugin cadmodel (category:power,tabindex:5)
2025-01-11 12:39:35,902 [INFO] PluginManage:310 - Check plugin clock
2025-01-11 12:39:35,910 [INFO] PluginManage:359 - Loaded plugin clock (category:base,tabindex:2)
2025-01-11 12:39:35,910 [INFO] PluginManage:310 - Check plugin ddr
2025-01-11 12:39:35,911 [INFO] PluginManage:359 - Loaded plugin ddr (category:tool,tabindex:6)
2025-01-11 12:39:35,911 [INFO] PluginManage:310 - Check plugin filemanager
2025-01-11 12:39:36,002 [INFO] PluginManage:359 - Loaded plugin filemanager (category:base,tabindex:10)
2025-01-11 12:39:36,002 [INFO] PluginManage:310 - Check plugin ipmanager
2025-01-11 12:39:36,006 [INFO] PluginManage:359 - Loaded plugin ipmanager (category:base,tabindex:5)
2025-01-11 12:39:36,006 [INFO] PluginManage:310 - Check plugin lpbam
2025-01-11 12:39:36,012 [INFO] PluginManage:359 - Loaded plugin lpbam (category:base,tabindex:0)
2025-01-11 12:39:36,012 [INFO] PluginManage:310 - Check plugin memorymap
2025-01-11 12:39:36,020 [INFO] PluginManage:359 - Loaded plugin memorymap (category:base,tabindex:4)
2025-01-11 12:39:36,020 [INFO] PluginManage:310 - Check plugin pinoutandconfiguration
2025-01-11 12:39:36,025 [INFO] PluginManage:359 - Loaded plugin pinoutandconfiguration (category:base,tabindex:1)
2025-01-11 12:39:36,025 [INFO] PluginManage:310 - Check plugin pinoutconfig
2025-01-11 12:39:36,091 [WARN] SupportedApi:132 - Cannot load RTOS API schema: s4s-elt-must-match.1: The content of 'definitions' must match (annotation?, (simpleType | complexType)?, (unique | key | keyref)*)). A problem was found starting at: attribute.
2025-01-11 12:39:36,179 [INFO] PluginManage:359 - Loaded plugin pinoutconfig (category:base,tabindex:0)
2025-01-11 12:39:36,179 [INFO] PluginManage:310 - Check plugin power
2025-01-11 12:39:36,186 [INFO] PluginManage:359 - Loaded plugin power (category:power,tabindex:4)
2025-01-11 12:39:36,186 [INFO] PluginManage:310 - Check plugin projectmanager
2025-01-11 12:39:36,199 [INFO] PluginManage:359 - Loaded plugin projectmanager (category:projectmanager,tabindex:3)
2025-01-11 12:39:36,199 [INFO] PluginManage:310 - Check plugin thirdparty
2025-01-11 12:39:36,291 [INFO] PluginManage:359 - Loaded plugin thirdparty (category:base,tabindex:-1)
2025-01-11 12:39:36,290 [WARN] IntegrityCheckThread:84 - waiting for thirdparty lock release [integrity check]
2025-01-11 12:39:36,291 [INFO] PluginManage:310 - Check plugin tools
2025-01-11 12:39:36,291 [INFO] IntegrityCheckThread:86 - entering critical section [integrity check]
2025-01-11 12:39:36,291 [INFO] ThirdPartyUpdaterWithRetryManager:70 - Updater plugin not ready yet. [1/15]
2025-01-11 12:39:36,293 [INFO] PluginManage:359 - Loaded plugin tools (category:base,tabindex:7)
2025-01-11 12:39:36,293 [INFO] PluginManage:310 - Check plugin tutovideos
2025-01-11 12:39:36,413 [INFO] PluginManage:359 - Loaded plugin tutovideos (category:base,tabindex:-1)
2025-01-11 12:39:36,413 [INFO] PluginManage:310 - Check plugin updater
2025-01-11 12:39:36,420 [INFO] PluginManage:359 - Loaded plugin updater (category:base,tabindex:12)
2025-01-11 12:39:36,420 [INFO] PluginManage:310 - Check plugin userauth
2025-01-11 12:39:36,424 [INFO] UserAuth:114 - Init User Auth plugin
2025-01-11 12:39:36,424 [INFO] PluginManage:359 - Loaded plugin userauth (category:base,tabindex:14)
2025-01-11 12:39:36,424 [INFO] PluginManage:283 - PluginManage : Loaded plugins [17]
2025-01-11 12:39:36,616 [INFO] PinOutPanel:1561 - setPackage(No Configuration,No Configuration)
2025-01-11 12:39:36,678 [INFO] CADModel:165 - CPN selected for project level
2025-01-11 12:39:36,678 [INFO] CADModel:114 - Register for checkConnection events
2025-01-11 12:39:36,693 [INFO] IPUIPlugin:80 - create IPUIPlugin
2025-01-11 12:39:36,693 [INFO] PluginManager:220 - loadIPPluginJar : add adc
2025-01-11 12:39:36,696 [INFO] IPUIPlugin:80 - create IPUIPlugin
2025-01-11 12:39:36,696 [INFO] PluginManager:220 - loadIPPluginJar : add aes
2025-01-11 12:39:36,699 [INFO] IPUIPlugin:80 - create IPUIPlugin
2025-01-11 12:39:36,699 [INFO] PluginManager:220 - loadIPPluginJar : add can
2025-01-11 12:39:36,700 [INFO] IPUIPlugin:80 - create IPUIPlugin
2025-01-11 12:39:36,700 [INFO] PluginManager:220 - loadIPPluginJar : add comp
2025-01-11 12:39:36,702 [INFO] IPUIPlugin:80 - create IPUIPlugin
2025-01-11 12:39:36,703 [INFO] PluginManager:220 - loadIPPluginJar : add cryp
2025-01-11 12:39:36,705 [INFO] IPUIPlugin:80 - create IPUIPlugin
2025-01-11 12:39:36,705 [INFO] PluginManager:220 - loadIPPluginJar : add dfsdm
2025-01-11 12:39:36,710 [INFO] IPUIPlugin:80 - create IPUIPlugin
2025-01-11 12:39:36,710 [INFO] PluginManager:220 - loadIPPluginJar : add dma
2025-01-11 12:39:36,712 [INFO] IPUIPlugin:80 - create IPUIPlugin
2025-01-11 12:39:36,712 [INFO] PluginManager:220 - loadIPPluginJar : add dma3
2025-01-11 12:39:36,715 [INFO] IPUIPlugin:80 - create IPUIPlugin
2025-01-11 12:39:36,715 [INFO] PluginManager:220 - loadIPPluginJar : add extmemmanager
2025-01-11 12:39:36,716 [INFO] IPUIPlugin:80 - create IPUIPlugin
2025-01-11 12:39:36,716 [INFO] PluginManager:220 - loadIPPluginJar : add fatfs
2025-01-11 12:39:36,719 [INFO] IPUIPlugin:80 - create IPUIPlugin
2025-01-11 12:39:36,719 [INFO] PluginManager:220 - loadIPPluginJar : add fmc
2025-01-11 12:39:36,723 [INFO] IPUIPlugin:80 - create IPUIPlugin
2025-01-11 12:39:36,723 [INFO] PluginManager:220 - loadIPPluginJar : add freertos
2025-01-11 12:39:36,724 [INFO] IPUIPlugin:80 - create IPUIPlugin
2025-01-11 12:39:36,724 [INFO] PluginManager:220 - loadIPPluginJar : add genericplugin
2025-01-11 12:39:36,725 [INFO] IPUIPlugin:80 - create IPUIPlugin
2025-01-11 12:39:36,726 [INFO] PluginManager:220 - loadIPPluginJar : add gfxmmu
2025-01-11 12:39:36,729 [INFO] IPUIPlugin:80 - create IPUIPlugin
2025-01-11 12:39:36,729 [INFO] PluginManager:220 - loadIPPluginJar : add gic
2025-01-11 12:39:36,732 [INFO] IPUIPlugin:80 - create IPUIPlugin
2025-01-11 12:39:36,733 [INFO] PluginManager:220 - loadIPPluginJar : add gpio
2025-01-11 12:39:36,735 [INFO] IPUIPlugin:80 - create IPUIPlugin
2025-01-11 12:39:36,735 [INFO] PluginManager:220 - loadIPPluginJar : add gtzc
2025-01-11 12:39:36,737 [INFO] IPUIPlugin:80 - create IPUIPlugin
2025-01-11 12:39:36,737 [INFO] PluginManager:220 - loadIPPluginJar : add hash
2025-01-11 12:39:36,738 [INFO] IPUIPlugin:80 - create IPUIPlugin
2025-01-11 12:39:36,738 [INFO] PluginManager:220 - loadIPPluginJar : add i2c
2025-01-11 12:39:36,740 [INFO] IPUIPlugin:80 - create IPUIPlugin
2025-01-11 12:39:36,740 [INFO] PluginManager:220 - loadIPPluginJar : add i2s
2025-01-11 12:39:36,741 [INFO] IPUIPlugin:80 - create IPUIPlugin
2025-01-11 12:39:36,742 [INFO] PluginManager:220 - loadIPPluginJar : add i3c
2025-01-11 12:39:36,743 [INFO] IPUIPlugin:80 - create IPUIPlugin
2025-01-11 12:39:36,743 [INFO] PluginManager:220 - loadIPPluginJar : add ipddr
2025-01-11 12:39:36,748 [INFO] IPUIPlugin:80 - create IPUIPlugin
2025-01-11 12:39:36,748 [INFO] PluginManager:220 - loadIPPluginJar : add linkedlist
2025-01-11 12:39:36,749 [INFO] IPUIPlugin:80 - create IPUIPlugin
2025-01-11 12:39:36,749 [INFO] PluginManager:220 - loadIPPluginJar : add lorawan
2025-01-11 12:39:36,751 [INFO] IPUIPlugin:80 - create IPUIPlugin
2025-01-11 12:39:36,751 [INFO] PluginManager:220 - loadIPPluginJar : add ltdc
2025-01-11 12:39:36,755 [INFO] IPUIPlugin:80 - create IPUIPlugin
2025-01-11 12:39:36,755 [INFO] PluginManager:220 - loadIPPluginJar : add mdma
2025-01-11 12:39:36,756 [INFO] IPUIPlugin:80 - create IPUIPlugin
2025-01-11 12:39:36,756 [INFO] PluginManager:220 - loadIPPluginJar : add nvic
2025-01-11 12:39:36,757 [INFO] IPUIPlugin:80 - create IPUIPlugin
2025-01-11 12:39:36,757 [INFO] PluginManager:220 - loadIPPluginJar : add opamp
2025-01-11 12:39:36,759 [INFO] IPUIPlugin:80 - create IPUIPlugin
2025-01-11 12:39:36,759 [INFO] PluginManager:220 - loadIPPluginJar : add openamp
2025-01-11 12:39:36,761 [INFO] IPUIPlugin:80 - create IPUIPlugin
2025-01-11 12:39:36,761 [INFO] PluginManager:220 - loadIPPluginJar : add pdm2pcm
2025-01-11 12:39:36,765 [INFO] IPUIPlugin:80 - create IPUIPlugin
2025-01-11 12:39:36,766 [INFO] PluginManager:220 - loadIPPluginJar : add plateformsettings
2025-01-11 12:39:36,768 [INFO] IPUIPlugin:80 - create IPUIPlugin
2025-01-11 12:39:36,768 [INFO] PluginManager:220 - loadIPPluginJar : add quadspi
2025-01-11 12:39:36,770 [INFO] IPUIPlugin:80 - create IPUIPlugin
2025-01-11 12:39:36,770 [INFO] PluginManager:220 - loadIPPluginJar : add resmgrutility
2025-01-11 12:39:36,772 [INFO] IPUIPlugin:80 - create IPUIPlugin
2025-01-11 12:39:36,772 [INFO] PluginManager:220 - loadIPPluginJar : add sai
2025-01-11 12:39:36,773 [INFO] IPUIPlugin:80 - create IPUIPlugin
2025-01-11 12:39:36,773 [INFO] PluginManager:220 - loadIPPluginJar : add spi
2025-01-11 12:39:36,776 [INFO] IPUIPlugin:80 - create IPUIPlugin
2025-01-11 12:39:36,776 [INFO] PluginManager:220 - loadIPPluginJar : add stm32_wpan
2025-01-11 12:39:36,777 [INFO] IPUIPlugin:80 - create IPUIPlugin
2025-01-11 12:39:36,778 [INFO] PluginManager:220 - loadIPPluginJar : add tim
2025-01-11 12:39:36,780 [INFO] IPUIPlugin:80 - create IPUIPlugin
2025-01-11 12:39:36,780 [INFO] PluginManager:220 - loadIPPluginJar : add touchsensing
2025-01-11 12:39:36,781 [INFO] IPUIPlugin:80 - create IPUIPlugin
2025-01-11 12:39:36,781 [INFO] PluginManager:220 - loadIPPluginJar : add tracer_emb
2025-01-11 12:39:36,782 [INFO] IPUIPlugin:80 - create IPUIPlugin
2025-01-11 12:39:36,783 [INFO] PluginManager:220 - loadIPPluginJar : add ts
2025-01-11 12:39:36,784 [INFO] IPUIPlugin:80 - create IPUIPlugin
2025-01-11 12:39:36,784 [INFO] PluginManager:220 - loadIPPluginJar : add tsc
2025-01-11 12:39:36,785 [INFO] IPUIPlugin:80 - create IPUIPlugin
2025-01-11 12:39:36,785 [INFO] PluginManager:220 - loadIPPluginJar : add ucpd
2025-01-11 12:39:36,787 [INFO] IPUIPlugin:80 - create IPUIPlugin
2025-01-11 12:39:36,787 [INFO] PluginManager:220 - loadIPPluginJar : add usart
2025-01-11 12:39:36,788 [INFO] IPUIPlugin:80 - create IPUIPlugin
2025-01-11 12:39:36,789 [INFO] PluginManager:220 - loadIPPluginJar : add usbx
2025-01-11 12:39:36,898 [INFO] CADModel:165 - CPN selected for project level
2025-01-11 12:39:36,898 [INFO] CADModel:114 - Register for checkConnection events
2025-01-11 12:39:36,898 [FATAL] Updater:308 - Updater called before beeing initialized
2025-01-11 12:39:36,898 [ERROR] CADModel:125 - Updater not yet initialized, retry later 
2025-01-11 12:39:36,988 [INFO] CADModel:165 - CPN selected for project level
2025-01-11 12:39:36,988 [INFO] CADModel:114 - Register for checkConnection events
2025-01-11 12:39:36,988 [FATAL] Updater:308 - Updater called before beeing initialized
2025-01-11 12:39:36,988 [ERROR] CADModel:125 - Updater not yet initialized, retry later 
2025-01-11 12:39:36,990 [FATAL] Updater:308 - Updater called before beeing initialized
2025-01-11 12:39:37,075 [FATAL] Updater:308 - Updater called before beeing initialized
2025-01-11 12:39:37,078 [INFO] DbMcusAds:53 - JSON generation date=Tue Dec 17 21:31:15 IST 2024 (1734451275222)
2025-01-11 12:39:37,078 [FATAL] Updater:308 - Updater called before beeing initialized
2025-01-11 12:39:37,105 [WARN] DetailPanel:346 - Failed to get advertising image, set to default
2025-01-11 12:39:37,180 [FATAL] Updater:308 - Updater called before beeing initialized
2025-01-11 12:39:37,181 [FATAL] Updater:308 - Updater called before beeing initialized
2025-01-11 12:39:37,181 [FATAL] Updater:308 - Updater called before beeing initialized
2025-01-11 12:39:37,181 [WARN] DetailPanel:346 - Failed to get advertising image, set to default
2025-01-11 12:39:37,182 [FATAL] Updater:308 - Updater called before beeing initialized
2025-01-11 12:39:37,216 [ERROR] Updater:1120 - MainUpdater not yet initialized. External WinMGr cannot be set.
2025-01-11 12:39:37,218 [INFO] Updater:1056 - Updater Version found : 6.11.1
2025-01-11 12:39:37,234 [INFO] ApplicationProperties:184 - Using Application install path: C:\ST\STM32CubeIDE_1.15.0\STM32CubeIDE\plugins\com.st.stm32cube.common.mx_6.11.1.202404110753
2025-01-11 12:39:38,802 [ERROR] LogOutputStream:75 - [STDERR_REDIRECT] Jan 11, 2025 12:39:38 PM java.util.prefs.WindowsPreferences <init>
2025-01-11 12:39:38,804 [ERROR] LogOutputStream:75 - [STDERR_REDIRECT] WARNING: Could not open/create prefs root node Software\JavaSoft\Prefs at root 0xffffffff80000002. Windows RegCreateKeyEx(...) returned error code 5.
2025-01-11 12:39:38,804 [ERROR] LogOutputStream:75 - [STDERR_REDIRECT] 
2025-01-11 12:39:39,007 [INFO] MainUpdater:2873 - connection check result : 10
2025-01-11 12:39:39,007 [INFO] MainUpdater:290 - Updater Check For Update Now.
2025-01-11 12:39:39,008 [INFO] MicroXplorer:498 - Change Database Version : DB.6.0.111
2025-01-11 12:39:39,013 [INFO] McuFinderGlobals:63 - Set McuFinder mode to 2 (CubeIDE integrated)
2025-01-11 12:39:39,017 [INFO] UserAuth:415 - Internet connection configuration mode: 1
2025-01-11 12:39:39,030 [INFO] JxBrowserEngine:152 - Initiate JxBrowser Engine with user profile folder
2025-01-11 12:39:39,180 [INFO] CheckServerUpdateThread:120 - End of CheckServer Thread
2025-01-11 12:39:39,522 [WARN] PackLoader:240 - Cannot read IP mode file for STMicroelectronics.FP-SNS-MOTENVWB1.1.4.0
2025-01-11 12:39:39,533 [WARN] PackLoader:240 - Cannot read IP mode file for STMicroelectronics.X-CUBE-SMBUS.2.1.0
2025-01-11 12:39:39,540 [WARN] PackLoader:240 - Cannot read IP mode file for STMicroelectronics.X-CUBE-TOUCHGFX.4.23.2
2025-01-11 12:39:39,558 [INFO] WebApp:161 - Instantiating new browser for Auth
2025-01-11 12:39:39,595 [WARN] PackLoader:240 - Cannot read IP mode file for STMicroelectronics.X-CUBE-AZRTOS-F7.1.1.0
2025-01-11 12:39:39,611 [WARN] PackLoader:240 - Cannot read IP mode file for STMicroelectronics.FP-SNS-FLIGHT1.5.0.2
2025-01-11 12:39:39,625 [WARN] PackLoader:240 - Cannot read IP mode file for STMicroelectronics.X-CUBE-DISPLAY.3.0.0
2025-01-11 12:39:39,643 [WARN] PackLoader:240 - Cannot read IP mode file for STMicroelectronics.X-CUBE-BLE1.7.0.0
2025-01-11 12:39:39,649 [WARN] PackLoader:240 - Cannot read IP mode file for emotas.I-CUBE-CANOPEN.1.3.0
2025-01-11 12:39:39,663 [WARN] PackLoader:240 - Cannot read IP mode file for STMicroelectronics.X-CUBE-BLEMGR.3.1.0
2025-01-11 12:39:39,675 [WARN] PackLoader:240 - Cannot read IP mode file for STMicroelectronics.FP-SNS-SMARTAG2.1.2.0
2025-01-11 12:39:39,686 [INFO] LogOutputStream:77 - [STDOUT_REDIRECT] 1 : Invalid condition id : UX_CORESTACK_Condition cause : null
2025-01-11 12:39:39,686 [INFO] LogOutputStream:77 - [STDOUT_REDIRECT] 1 : Invalid condition id : UX_CORESTACK_Condition cause : null
2025-01-11 12:39:39,688 [INFO] LogOutputStream:77 - [STDOUT_REDIRECT] 1 : Invalid condition id : UX_CORESTACK_Condition cause : null
2025-01-11 12:39:39,690 [INFO] LogOutputStream:77 - [STDOUT_REDIRECT] 1 : Invalid condition id : UX_CORESTACK_Condition cause : null
2025-01-11 12:39:39,691 [INFO] LogOutputStream:77 - [STDOUT_REDIRECT] 1 : Invalid condition id : UX_CORESTACK_Condition cause : null
2025-01-11 12:39:39,697 [WARN] PackLoader:240 - Cannot read IP mode file for STMicroelectronics.X-CUBE-AZRTOS-WL.2.0.0
2025-01-11 12:39:39,703 [WARN] PackLoader:240 - Cannot read IP mode file for STMicroelectronics.FP-SNS-MOTENV1.5.0.0
2025-01-11 12:39:39,709 [WARN] PackLoader:240 - Cannot read IP mode file for wolfSSL.I-CUBE-wolfMQTT.1.19.0
2025-01-11 12:39:39,718 [WARN] PackLoader:240 - Cannot read IP mode file for WES.I-CUBE-Cesium.1.3.0
2025-01-11 12:39:39,722 [WARN] PackLoader:240 - Cannot read IP mode file for STMicroelectronics.X-CUBE-BLE2.3.3.0
2025-01-11 12:39:39,730 [WARN] PackLoader:240 - Cannot read IP mode file for STMicroelectronics.X-CUBE-TCPP.4.1.0
2025-01-11 12:39:39,739 [WARN] PackLoader:240 - Cannot read IP mode file for STMicroelectronics.X-CUBE-ALGOBUILD.1.3.0
2025-01-11 12:39:39,757 [WARN] PackLoader:240 - Cannot read IP mode file for STMicroelectronics.X-CUBE-AZRTOS-G0.1.1.0
2025-01-11 12:39:39,766 [WARN] PackLoader:240 - Cannot read IP mode file for STMicroelectronics.X-CUBE-SAFEA1.1.2.2
2025-01-11 12:39:39,773 [WARN] PackLoader:240 - Cannot read IP mode file for STMicroelectronics.X-CUBE-NFC4.3.0.0
2025-01-11 12:39:39,777 [WARN] PackLoader:240 - Cannot read IP mode file for wolfSSL.I-CUBE-wolfMQTT.1.18.0
2025-01-11 12:39:39,787 [WARN] PackLoader:240 - Cannot read IP mode file for EmbeddedOffice.I-CUBE-FS-RTOS.1.0.1
2025-01-11 12:39:39,787 [ERROR] ConditionMgr:805 - Attr not supported : Dmpu
2025-01-11 12:39:39,787 [ERROR] ConditionMgr:805 - Attr not supported : Dmpu
2025-01-11 12:39:39,787 [ERROR] ConditionMgr:805 - Attr not supported : Dmpu
2025-01-11 12:39:39,787 [ERROR] ConditionMgr:805 - Attr not supported : Dmpu
2025-01-11 12:39:39,789 [ERROR] ConditionMgr:805 - Attr not supported : Dmpu
2025-01-11 12:39:39,789 [ERROR] ConditionMgr:805 - Attr not supported : Dmpu
2025-01-11 12:39:39,789 [ERROR] ConditionMgr:805 - Attr not supported : Dmpu
2025-01-11 12:39:39,789 [ERROR] ConditionMgr:805 - Attr not supported : Dmpu
2025-01-11 12:39:39,789 [ERROR] ConditionMgr:805 - Attr not supported : Dmpu
2025-01-11 12:39:39,789 [ERROR] ConditionMgr:805 - Attr not supported : Dmpu
2025-01-11 12:39:39,789 [ERROR] ConditionMgr:805 - Attr not supported : Dmpu
2025-01-11 12:39:39,789 [ERROR] ConditionMgr:805 - Attr not supported : Dmpu
2025-01-11 12:39:39,789 [ERROR] ConditionMgr:805 - Attr not supported : Dmpu
2025-01-11 12:39:39,789 [ERROR] ConditionMgr:805 - Attr not supported : Dmpu
2025-01-11 12:39:39,789 [ERROR] ConditionMgr:805 - Attr not supported : Dmpu
2025-01-11 12:39:39,789 [ERROR] ConditionMgr:805 - Attr not supported : Dmpu
2025-01-11 12:39:39,789 [ERROR] ConditionMgr:805 - Attr not supported : Dmpu
2025-01-11 12:39:39,789 [ERROR] ConditionMgr:805 - Attr not supported : Dmpu
2025-01-11 12:39:39,789 [ERROR] ConditionMgr:805 - Attr not supported : Dmpu
2025-01-11 12:39:39,789 [ERROR] ConditionMgr:805 - Attr not supported : Dmpu
2025-01-11 12:39:39,789 [ERROR] ConditionMgr:805 - Attr not supported : Dmpu
2025-01-11 12:39:39,789 [ERROR] ConditionMgr:805 - Attr not supported : Dmpu
2025-01-11 12:39:39,790 [ERROR] ConditionMgr:805 - Attr not supported : Dmpu
2025-01-11 12:39:39,790 [ERROR] ConditionMgr:805 - Attr not supported : Dmpu
2025-01-11 12:39:39,790 [ERROR] ConditionMgr:805 - Attr not supported : Dmpu
2025-01-11 12:39:39,790 [ERROR] ConditionMgr:805 - Attr not supported : Dmpu
2025-01-11 12:39:39,790 [ERROR] ConditionMgr:805 - Attr not supported : Dmpu
2025-01-11 12:39:39,790 [ERROR] ConditionMgr:805 - Attr not supported : Dmpu
2025-01-11 12:39:39,790 [ERROR] ConditionMgr:805 - Attr not supported : Dmpu
2025-01-11 12:39:39,790 [ERROR] ConditionMgr:805 - Attr not supported : Dmpu
2025-01-11 12:39:39,790 [ERROR] ConditionMgr:805 - Attr not supported : Dmpu
2025-01-11 12:39:39,790 [ERROR] ConditionMgr:805 - Attr not supported : Dmpu
2025-01-11 12:39:39,790 [ERROR] ConditionMgr:805 - Attr not supported : Dmpu
2025-01-11 12:39:39,790 [ERROR] ConditionMgr:805 - Attr not supported : Dmpu
2025-01-11 12:39:39,790 [ERROR] ConditionMgr:805 - Attr not supported : Dmpu
2025-01-11 12:39:39,790 [ERROR] ConditionMgr:805 - Attr not supported : Dmpu
2025-01-11 12:39:39,790 [ERROR] ConditionMgr:805 - Attr not supported : Dmpu
2025-01-11 12:39:39,791 [ERROR] ConditionMgr:805 - Attr not supported : Dmpu
2025-01-11 12:39:39,791 [ERROR] ConditionMgr:805 - Attr not supported : Dmpu
2025-01-11 12:39:39,791 [ERROR] ConditionMgr:805 - Attr not supported : Dmpu
2025-01-11 12:39:39,791 [ERROR] ConditionMgr:805 - Attr not supported : Dmpu
2025-01-11 12:39:39,791 [ERROR] ConditionMgr:805 - Attr not supported : Dmpu
2025-01-11 12:39:39,791 [ERROR] ConditionMgr:805 - Attr not supported : Dmpu
2025-01-11 12:39:39,791 [ERROR] ConditionMgr:805 - Attr not supported : Dmpu
2025-01-11 12:39:39,791 [ERROR] ConditionMgr:805 - Attr not supported : Dmpu
2025-01-11 12:39:39,791 [ERROR] ConditionMgr:805 - Attr not supported : Dmpu
2025-01-11 12:39:39,791 [ERROR] ConditionMgr:805 - Attr not supported : Dmpu
2025-01-11 12:39:39,791 [ERROR] ConditionMgr:805 - Attr not supported : Dmpu
2025-01-11 12:39:39,791 [ERROR] ConditionMgr:805 - Attr not supported : Dmpu
2025-01-11 12:39:39,791 [ERROR] ConditionMgr:805 - Attr not supported : Dmpu
2025-01-11 12:39:39,791 [ERROR] ConditionMgr:805 - Attr not supported : Dmpu
2025-01-11 12:39:39,791 [ERROR] ConditionMgr:805 - Attr not supported : Dmpu
2025-01-11 12:39:39,791 [ERROR] ConditionMgr:805 - Attr not supported : Dmpu
2025-01-11 12:39:39,792 [ERROR] ConditionMgr:805 - Attr not supported : Dmpu
2025-01-11 12:39:39,792 [ERROR] ConditionMgr:805 - Attr not supported : Dmpu
2025-01-11 12:39:39,792 [ERROR] ConditionMgr:805 - Attr not supported : Dmpu
2025-01-11 12:39:39,792 [ERROR] ConditionMgr:805 - Attr not supported : Dmpu
2025-01-11 12:39:39,792 [ERROR] ConditionMgr:805 - Attr not supported : Dmpu
2025-01-11 12:39:39,792 [ERROR] ConditionMgr:805 - Attr not supported : Dmpu
2025-01-11 12:39:39,792 [ERROR] ConditionMgr:805 - Attr not supported : Dmpu
2025-01-11 12:39:39,792 [ERROR] ConditionMgr:805 - Attr not supported : Dmpu
2025-01-11 12:39:39,792 [ERROR] ConditionMgr:805 - Attr not supported : Dmpu
2025-01-11 12:39:39,792 [ERROR] ConditionMgr:805 - Attr not supported : Dmpu
2025-01-11 12:39:39,792 [ERROR] ConditionMgr:805 - Attr not supported : Dmpu
2025-01-11 12:39:39,798 [WARN] PackLoader:240 - Cannot read IP mode file for RealThread.X-CUBE-RT-Thread_Nano.4.1.1
2025-01-11 12:39:39,801 [WARN] PackLoader:240 - Cannot read IP mode file for wolfSSL.I-CUBE-wolfSSL.5.7.0
2025-01-11 12:39:39,804 [WARN] PackLoader:240 - Cannot read IP mode file for STMicroelectronics.FP-ATR-SIGFOX1.3.2.0
2025-01-11 12:39:39,812 [WARN] PackLoader:240 - Cannot read IP mode file for STMicroelectronics.X-CUBE-EEPRMA1.5.1.0
2025-01-11 12:39:39,820 [WARN] PackLoader:240 - Cannot read IP mode file for ITTIA_DB.I-CUBE-ITTIADB.8.9.0
2025-01-11 12:39:39,862 [WARN] PackLoader:240 - Cannot read IP mode file for SEGGER.I-CUBE-embOS.1.3.1
2025-01-11 12:39:39,900 [WARN] PackLoader:240 - Cannot read IP mode file for STMicroelectronics.X-CUBE-ALGOBUILD.1.4.0
2025-01-11 12:39:39,905 [WARN] PackLoader:240 - Cannot read IP mode file for STMicroelectronics.X-CUBE-GNSS1.6.0.0
2025-01-11 12:39:39,922 [WARN] PackLoader:240 - Cannot read IP mode file for STMicroelectronics.X-CUBE-AZRTOS-F4.1.1.0
2025-01-11 12:39:39,930 [WARN] PackLoader:240 - Cannot read IP mode file for STMicroelectronics.X-CUBE-FREERTOS.1.2.0
2025-01-11 12:39:39,945 [WARN] PackLoader:240 - Cannot read IP mode file for STMicroelectronics.X-CUBE-AZRTOS-L5.2.0.0
2025-01-11 12:39:39,956 [WARN] PackLoader:240 - Cannot read IP mode file for STMicroelectronics.X-CUBE-NFC6.3.1.0
2025-01-11 12:39:39,964 [WARN] PackLoader:240 - Cannot read IP mode file for STMicroelectronics.X-CUBE-DPower.1.2.0
2025-01-11 12:39:39,970 [WARN] PackLoader:240 - Cannot read IP mode file for STMicroelectronics.X-CUBE-AI.9.0.0
2025-01-11 12:39:39,976 [WARN] PackLoader:240 - Cannot read IP mode file for STMicroelectronics.X-CUBE-NFC7.1.0.1
2025-01-11 12:39:39,981 [WARN] PackLoader:240 - Cannot read IP mode file for wolfSSL.I-CUBE-wolfTPM.3.2.0
2025-01-11 12:39:39,985 [WARN] PackLoader:240 - Cannot read IP mode file for STMicroelectronics.X-CUBE-AI.8.1.0
2025-01-11 12:39:40,001 [WARN] ConditionMgr:438 - getConditionDescription Invalid condition id : LAN8742 Phy interface Condition cause : null
2025-01-11 12:39:40,002 [WARN] PackLoader:240 - Cannot read IP mode file for STMicroelectronics.X-CUBE-AZRTOS-L4.2.0.0
2025-01-11 12:39:40,003 [WARN] ConditionMgr:1039 - genDependencies : Invalid condition id : LAN8742 Phy interface Condition cause : null
2025-01-11 12:39:40,004 [WARN] ConditionMgr:1039 - genDependencies : Invalid condition id : LAN8742 Phy interface Condition cause : null
2025-01-11 12:39:40,004 [WARN] ConditionMgr:1039 - genDependencies : Invalid condition id : LAN8742 Phy interface Condition cause : null
2025-01-11 12:39:40,013 [WARN] PackLoader:240 - Cannot read IP mode file for STMicroelectronics.X-CUBE-SFXS2LP1.4.0.0
2025-01-11 12:39:40,028 [WARN] ConditionMgr:438 - getConditionDescription Invalid condition id : UX DEVICE CLASS RTOS Condition cause : null
2025-01-11 12:39:40,028 [WARN] ConditionMgr:438 - getConditionDescription Invalid condition id : UX DEVICE CLASS RTOS Condition cause : null
2025-01-11 12:39:40,031 [WARN] PackLoader:240 - Cannot read IP mode file for STMicroelectronics.X-CUBE-AZRTOS-WB.2.0.0
2025-01-11 12:39:40,031 [WARN] ConditionMgr:1039 - genDependencies : Invalid condition id : UX DEVICE CLASS RTOS Condition cause : null
2025-01-11 12:39:40,031 [WARN] ConditionMgr:1039 - genDependencies : Invalid condition id : UX DEVICE CLASS RTOS Condition cause : null
2025-01-11 12:39:40,032 [WARN] ConditionMgr:1039 - genDependencies : Invalid condition id : UX DEVICE CLASS RTOS Condition cause : null
2025-01-11 12:39:40,033 [WARN] ConditionMgr:1039 - genDependencies : Invalid condition id : UX DEVICE CLASS RTOS Condition cause : null
2025-01-11 12:39:40,033 [WARN] ConditionMgr:1039 - genDependencies : Invalid condition id : UX DEVICE CLASS RTOS Condition cause : null
2025-01-11 12:39:40,043 [WARN] PackLoader:240 - Cannot read IP mode file for STMicroelectronics.FP-SNS-STBOX1.2.0.0
2025-01-11 12:39:40,063 [WARN] PackLoader:240 - Cannot read IP mode file for STMicroelectronics.X-CUBE-SUBG2.5.0.0
2025-01-11 12:39:40,076 [WARN] PackLoader:240 - Cannot read IP mode file for Cesanta.I-CUBE-Mongoose.7.13.0
2025-01-11 12:39:40,095 [WARN] PackLoader:240 - Cannot read IP mode file for STMicroelectronics.X-CUBE-AZRTOS-G4.2.0.0
2025-01-11 12:39:40,102 [WARN] PackLoader:240 - Cannot read IP mode file for STMicroelectronics.FP-SNS-MOTENVWB1.1.3.1
2025-01-11 12:39:40,106 [WARN] PackLoader:240 - Cannot read IP mode file for STMicroelectronics.X-CUBE-ISPU.2.0.0
2025-01-11 12:39:40,111 [WARN] PackLoader:240 - Cannot read IP mode file for STMicroelectronics.X-CUBE-ALS.1.0.2
2025-01-11 12:39:40,183 [WARN] PackLoader:240 - Cannot read IP mode file for STMicroelectronics.X-CUBE-MEMS1.10.0.0
2025-01-11 12:39:40,262 [INFO] WebApp:779 - Register for checkConnection events
2025-01-11 12:39:40,263 [INFO] WebApp:414 - Apply proxy settings
2025-01-11 12:39:40,263 [INFO] WebApp:499 - Chromium requires no authentication
2025-01-11 12:39:40,271 [INFO] WebApp:442 - Direct internet connection detected
2025-01-11 12:39:40,348 [WARN] PackLoader:240 - Cannot read IP mode file for STMicroelectronics.X-CUBE-FREERTOS.1.1.0
2025-01-11 12:39:40,351 [WARN] PackLoader:240 - Cannot read IP mode file for STMicroelectronics.X-CUBE-TOUCHGFX.4.24.0
2025-01-11 12:39:40,356 [WARN] PackLoader:240 - Cannot read IP mode file for portGmbH.I-Cube-SoM-uGOAL.1.1.0
2025-01-11 12:39:40,361 [WARN] PackLoader:240 - Cannot read IP mode file for STMicroelectronics.X-CUBE-ALS.1.0.1
2025-01-11 12:39:40,375 [WARN] PackLoader:240 - Cannot read IP mode file for STMicroelectronics.X-CUBE-AZRTOS-H7RS.1.0.0
2025-01-11 12:39:40,381 [WARN] PackLoader:240 - Cannot read IP mode file for STMicroelectronics.FP-ATR-ASTRA1.2.0.0
2025-01-11 12:39:40,391 [WARN] PackLoader:240 - Cannot read IP mode file for STMicroelectronics.X-CUBE-TOF1.3.4.2
2025-01-11 12:39:40,406 [WARN] PackLoader:240 - Cannot read IP mode file for STMicroelectronics.X-CUBE-TOF1.3.4.1
2025-01-11 12:39:40,426 [WARN] PackLoader:240 - Cannot read IP mode file for STMicroelectronics.X-CUBE-AZRTOS-H7.3.2.0
2025-01-11 12:39:40,438 [WARN] PackLoader:240 - Cannot read IP mode file for Infineon.AIROC-Wi-Fi-Bluetooth-STM32.1.6.0
2025-01-11 12:39:40,455 [WARN] PackLoader:240 - Cannot read IP mode file for wolfSSL.I-CUBE-wolfSSH.1.4.17
2025-01-11 12:39:40,455 [INFO] ThirdParty:978 - Integrity check success = true
2025-01-11 12:39:40,455 [INFO] IntegrityCheckThread:100 - exiting critical section [integrity check]
2025-01-11 12:39:40,456 [INFO] IntegrityCheckThread:103 - End integrity checks thread
2025-01-11 12:39:40,467 [INFO] WebApp:192 - Starting web application
2025-01-11 12:39:40,467 [INFO] WebApp:544 - Web application path used C:\ST\STM32CubeIDE_1.15.0\STM32CubeIDE\plugins\com.st.stm32cube.common.mx_6.11.1.202404110753\db\plugins\mcufinder\reactClient1\index.html
2025-01-11 12:40:00,779 [INFO] McuFinderGlobals:63 - Set McuFinder mode to 2 (CubeIDE integrated)
2025-01-11 12:40:00,783 [INFO] MainUpdater:2873 - connection check result : 10
2025-01-11 12:40:01,048 [INFO] ApiDb:581 - Connected to CubeFinder SQLite database (C:\Users\adity\.stmcufinder\plugins\mcufinder\mcu\cube-finder-db.db)
2025-01-11 12:40:01,124 [INFO] ApiDb:668 - CubeFinder database Data Model version=2.1
2025-01-11 12:40:01,124 [INFO] ApiDb:669 - CubeFinder database Configuration version=3.0.39
2025-01-11 12:40:01,124 [INFO] ApiDb:670 - CubeFinder database generation date=2024-12-10 (1733817889)
2025-01-11 12:40:01,124 [INFO] ApiDb:671 - CubeFinder database FW Pack versions=[FP-ATR-ASTRA1_V2.0.0, FP-SNS-FLIGHT1_V5.0.2, FP-SNS-MOTENV1_V5.0.0, FP-SNS-MOTENVWB1_V1.4.0, FP-SNS-SMARTAG2_V1.2.0, FP-SNS-STBOX1_V2.0.0, STM32Cube_FW_C0_V1.3.0, STM32Cube_FW_F4_V1.28.1, STM32Cube_FW_F7_V1.17.2, STM32Cube_FW_G0_V1.6.2, STM32Cube_FW_G4_V1.6.1, STM32Cube_FW_H5_V1.4.0, STM32Cube_FW_H7RS_V1.1.0, STM32Cube_FW_H7_V1.12.0, STM32Cube_FW_L0_V1.12.2, STM32Cube_FW_L4_V1.18.1, STM32Cube_FW_L5_V1.5.1, STM32Cube_FW_N6_V1.0.0, STM32Cube_FW_U0_V1.2.0, STM32Cube_FW_U3_V1.0.0, STM32Cube_FW_U5_V1.7.0, STM32Cube_FW_WB0_V1.1.0, STM32Cube_FW_WBA_V1.5.0, STM32Cube_FW_WB_V1.21.0, STM32Cube_FW_WL3_V1.0.0, STM32Cube_FW_WL_V1.3.0, X-CUBE-ALGOBUILD_V1.4.0, X-CUBE-ALS_V1.0.2, X-CUBE-AZRTOS-F4_V1.1.0, X-CUBE-AZRTOS-F7_V1.1.0, X-CUBE-AZRTOS-G0_V1.1.0, X-CUBE-AZRTOS-G4_V2.0.0, X-CUBE-AZRTOS-H7RS_V1.0.0, X-CUBE-AZRTOS-H7_V3.3.0, X-CUBE-AZRTOS-L4_V2.0.0, X-CUBE-AZRTOS-L5_V2.0.0, X-CUBE-AZRTOS-WB_V2.0.0, X-CUBE-AZRTOS-WL_V2.0.0, X-CUBE-BLE1_V7.0.0, X-CUBE-BLE2_V3.3.0, X-CUBE-BLEMGR_V3.1.0, X-CUBE-EEPRMA1_V5.1.0, X-CUBE-FREERTOS_V1.2.0, X-CUBE-GNSS1_V6.0.0, X-CUBE-MEMS1_V11.0.0, X-CUBE-NFC4_V3.0.0, X-CUBE-NFC7_V1.0.1, X-CUBE-SFXS2LP1_V4.0.0, X-CUBE-SUBG2_V5.0.0, X-CUBE-TOF1_V3.4.2]
2025-01-11 12:40:01,193 [INFO] DbBoardsSqlite:226 - include board P-NUCLEO-WB55-NUCLEO as a kit item of type 'Nucleo-64'
2025-01-11 12:40:01,194 [INFO] DbBoardsSqlite:226 - include board P-NUCLEO-WB55-USBDONGLE as a kit item of type 'Nucleo USB Dongle'
2025-01-11 12:40:01,194 [INFO] DbBoardsSqlite:226 - include board STEVAL-IDP005V1 as a kit item of type 'Evaluation Board'
2025-01-11 12:40:01,194 [INFO] DbBoardsSqlite:226 - include board STEVAL-IDP005V2 as a kit item of type 'Evaluation Board'
2025-01-11 12:40:01,268 [INFO] ApiDb:240 - Found 483 in-development CPN: [B-G473E-ZEST1S, B-WB1M-WPAN1, B-WL5M-SUBG1, NUCLEO-C031C6, NUCLEO-H503RB, NUCLEO-H533RE, NUCLEO-H563ZI, NUCLEO-H7S3L8, NUCLEO-U031R8, NUCLEO-U083RC, NUCLEO-U545RE-Q, NUCLEO-U5A5ZJ-Q, NUCLEO-WBA52CG, NUCLEO-WBA55CG, STEVAL-PROTEUS1, STEVAL-SMARTAG2, STEVAL-STWINBX1, STM320518-EVAL, STM32C0116-DK, STM32C011D6Y3TR, STM32C011D6Y6TR, STM32C011F4P3, STM32C011F4P6, STM32C011F4U3, STM32C011F4U6TR, STM32C011F6P3, STM32C011F6P6, STM32C011F6U3, STM32C011F6U6TR, STM32C011J4M3, STM32C011J4M6, STM32C011J6M3, STM32C011J6M6, STM32C0316-DK, STM32C031C4T3, STM32C031C4T6, STM32C031C4U3, STM32C031C4U6, STM32C031C6T3, STM32C031C6T6, STM32C031C6U3, STM32C031C6U6, STM32C031F4P3, STM32C031F4P6, STM32C031F6P3, STM32C031F6P6, STM32C031G4U3, STM32C031G4U6, STM32C031G6U3, STM32C031G6U6, STM32C031K4T3, STM32C031K4T6, STM32C031K4U3, STM32C031K4U6, STM32C031K6T3, STM32C031K6T6, STM32C031K6U3, STM32C031K6U6, STM32G071K8TXN, STM32G071K8UXN, STM32G081GBU6N, STM32G081KBT6N, STM32G081KBUXN, STM32G0B1CCT6N, STM32G0B1KCT6, STM32G0B1NEY6TR, STM32G0B1RCT6N, STM32G0C1CCT6, STM32G0C1CCT6N, STM32G0C1CCU6N, STM32G0C1CET6N, STM32G0C1CEU6N, STM32G0C1KCT6, STM32G0C1NEY6TR, STM32G0C1RCI6N, STM32G0C1RCT6N, STM32G0C1REI6N, STM32G0C1RET6N, STM32G0C1VCI6, STM32G0C1VEI6, STM32G471CCT6, STM32G471CCU6, STM32G471CET3, STM32G471CET6, STM32G471CEU3, STM32G471CEU6, STM32G471MCT6, STM32G471MET3, STM32G471MET6, STM32G471MEY6TR, STM32G471QCT6, STM32G471QET3, STM32G471RCT6, STM32G471RET3, STM32G471RET6, STM32G471VCH6, STM32G471VCI6, STM32G471VCT6, STM32G471VEH3, STM32G471VEH6, STM32G471VEI3, STM32G471VEI6, STM32G471VET3, STM32G471VET6, STM32G474CCT6, STM32H503CBT6, STM32H503CBU6, STM32H503EBY6TR, STM32H503KBU6, STM32H503RBT6, STM32H523CCT6, STM32H523CCU6, STM32H523CET6, STM32H523CEU6, STM32H523HEY6TR, STM32H523RCT6, STM32H523RET6, STM32H523VCI6, STM32H523VCT6, STM32H523VEI6, STM32H523VET6, STM32H523ZCJ6, STM32H523ZCT6, STM32H523ZEJ6, STM32H523ZET6, STM32H533CET6, STM32H533CEU6, STM32H533HEY6TR, STM32H533RET6, STM32H533VEI6, STM32H533VET6, STM32H533ZEJ6, STM32H533ZET6, STM32H562AGI6, STM32H562AII6, STM32H562IGK6, STM32H562IGT6, STM32H562IIK6, STM32H562IIT6, STM32H562RGT6, STM32H562RGV6, STM32H562RIT6, STM32H562RIV6, STM32H562VGT6, STM32H562VIT6, STM32H562ZGT6, STM32H562ZIT6, STM32H563AGI6, STM32H563AII3Q, STM32H563AII6, STM32H563IGK6, STM32H563IGT6, STM32H563IIK3Q, STM32H563IIK6, STM32H563IIT3Q, STM32H563IIT6, STM32H563MIY3QTR, STM32H563RGT6, STM32H563RGV6, STM32H563RIT6, STM32H563RIV6, STM32H563VGT6, STM32H563VIT3Q, STM32H563VIT6, STM32H563ZGT6, STM32H563ZIT3Q, STM32H563ZIT6, STM32H573AII3Q, STM32H573AII6, STM32H573I-DK, STM32H573IIK3Q, STM32H573IIK6, STM32H573IIT3Q, STM32H573IIT6, STM32H573MIY3QTR, STM32H573RIT6, STM32H573RIV6, STM32H573VIT3Q, STM32H573VIT6, STM32H573ZIT3Q, STM32H573ZIT6, STM32H7R3A8I6, STM32H7R3I8K6, STM32H7R3I8T6, STM32H7R3L8H6, STM32H7R3L8H6H, STM32H7R3R8V6, STM32H7R3V8H6, STM32H7R3V8T6, STM32H7R3V8Y6, STM32H7R3Z8J6, STM32H7R3Z8T6, STM32H7R7A8I6, STM32H7R7I8K6, STM32H7R7I8T6, STM32H7R7L8H6, STM32H7R7L8H6H, STM32H7R7Z8J6, STM32H7S3A8I6, STM32H7S3I8K6, STM32H7S3I8T6, STM32H7S3L8H6, STM32H7S3L8H6H, STM32H7S3R8V6, STM32H7S3V8H6, STM32H7S3V8T6, STM32H7S3V8Y6, STM32H7S3Z8J6, STM32H7S3Z8T6, STM32H7S78-DK, STM32H7S7A8I6, STM32H7S7I8K6, STM32H7S7I8T6, STM32H7S7L8H6, STM32H7S7L8H6H, STM32H7S7Z8J6, STM32L4R5QGI6STR, STM32MP131AAE3, STM32MP131AAF3, STM32MP131AAG3, STM32MP131CAE3, STM32MP131CAF3, STM32MP131CAG3, STM32MP131DAE7, STM32MP131DAF7, STM32MP131DAG7, STM32MP131FAE7, STM32MP131FAF7, STM32MP131FAG7, STM32MP133AAE3, STM32MP133AAF3, STM32MP133AAG3, STM32MP133CAE3, STM32MP133CAF3, STM32MP133CAG3, STM32MP133DAE7, STM32MP133DAF7, STM32MP133DAG7, STM32MP133FAE7, STM32MP133FAF7, STM32MP133FAG7, STM32MP135AAE3, STM32MP135AAF3, STM32MP135AAG3, STM32MP135CAE3, STM32MP135CAF3, STM32MP135CAG3, STM32MP135DAE7, STM32MP135DAF7, STM32MP135DAG7, STM32MP135F-DK, STM32MP135FAE7, STM32MP135FAF7, STM32MP135FAF7T, STM32MP135FAF7U, STM32MP135FAG7, STM32U031C6T6, STM32U031C6U6, STM32U031C8T6, STM32U031C8U6, STM32U031F4P6, STM32U031F6P6, STM32U031F8P6, STM32U031G6Y6TR, STM32U031G8Y6TR, STM32U031K4U6, STM32U031K6U6, STM32U031K8U6, STM32U031R6I6, STM32U031R6T6, STM32U031R8I6, STM32U031R8T6, STM32U073C8T6, STM32U073C8U6, STM32U073CBT6, STM32U073CBU6, STM32U073CCT6, STM32U073CCU6, STM32U073H8Y6TR, STM32U073HBY6TR, STM32U073HCY6TR, STM32U073K8U6, STM32U073KBU6, STM32U073KCU6, STM32U073M8I6, STM32U073M8T6, STM32U073MBI6, STM32U073MBT6, STM32U073MCI6, STM32U073MCT6, STM32U073R8I6, STM32U073R8T6, STM32U073RBI6, STM32U073RBT6, STM32U073RCI6, STM32U073RCT6, STM32U083C-DK, STM32U083CCT6, STM32U083CCU6, STM32U083HCY6TR, STM32U083KCU6, STM32U083MCI6, STM32U083MCT6, STM32U083RCI6, STM32U083RCT6, STM32U535CBT6, STM32U535CBT6Q, STM32U535CBU6, STM32U535CBU6Q, STM32U535CCT6, STM32U535CCT6Q, STM32U535CCU6, STM32U535CCU6Q, STM32U535CET6, STM32U535CET6Q, STM32U535CEU6, STM32U535CEU6Q, STM32U535JEY6QTR, STM32U535NCY6QTR, STM32U535NEY6QTR, STM32U535RBI6, STM32U535RBI6Q, STM32U535RBT6, STM32U535RBT6Q, STM32U535RCI6, STM32U535RCI6Q, STM32U535RCT6, STM32U535RCT6Q, STM32U535REI6, STM32U535REI6Q, STM32U535RET6, STM32U535RET6Q, STM32U535VCI6, STM32U535VCI6Q, STM32U535VCT6, STM32U535VCT6Q, STM32U535VEI6, STM32U535VEI6Q, STM32U535VET6, STM32U535VET6Q, STM32U545CET6, STM32U545CET6Q, STM32U545CEU6, STM32U545CEU6Q, STM32U545JEY6QTR, STM32U545NEY6QTR, STM32U545REI6, STM32U545REI6Q, STM32U545RET6, STM32U545RET6Q, STM32U545VEI6, STM32U545VEI6Q, STM32U545VET6, STM32U545VET6Q, STM32U595AIH6, STM32U595AIH6Q, STM32U595AJH6, STM32U595AJH6Q, STM32U595QII6, STM32U595QII6Q, STM32U595QJI6, STM32U595QJI6Q, STM32U595RIT6, STM32U595RIT6Q, STM32U595RJT6, STM32U595RJT6Q, STM32U595VIT6, STM32U595VIT6Q, STM32U595VJT6, STM32U595VJT6Q, STM32U595ZIT6, STM32U595ZIT6Q, STM32U595ZIY6QTR, STM32U595ZJT6, STM32U595ZJT6Q, STM32U595ZJY6QTR, STM32U599BJY6QTR, STM32U599NIH6Q, STM32U599NJH6Q, STM32U599VIT6Q, STM32U599VJT6, STM32U599VJT6Q, STM32U599ZIT6Q, STM32U599ZIY6QTR, STM32U599ZJT6Q, STM32U599ZJY6QTR, STM32U5A5AJH6, STM32U5A5AJH6Q, STM32U5A5QII3Q , STM32U5A5QJI6, STM32U5A5QJI6Q, STM32U5A5RJT6, STM32U5A5RJT6Q, STM32U5A5VJT6, STM32U5A5VJT6Q, STM32U5A5ZJT6, STM32U5A5ZJT6Q, STM32U5A5ZJY6QTR, STM32U5A9BJY6QTR, STM32U5A9J-DK, STM32U5A9NJH6Q, STM32U5A9VJT6Q, STM32U5A9ZJT6Q, STM32U5A9ZJY6QTR, STM32U5F7VIT6, STM32U5F7VIT6Q, STM32U5F7VJT6, STM32U5F7VJT6Q, STM32U5F9BJY6QTR, STM32U5F9NJH6Q, STM32U5F9VIT6Q, STM32U5F9VJT6Q, STM32U5F9ZIJ6QTR, STM32U5F9ZIT6Q, STM32U5F9ZJJ6QTR, STM32U5F9ZJT6Q, STM32U5G7VJT6, STM32U5G7VJT6Q, STM32U5G9BJY6QTR, STM32U5G9J-DK1, STM32U5G9J-DK2, STM32U5G9NJH6Q, STM32U5G9VJT6Q, STM32U5G9ZJJ6QTR, STM32U5G9ZJT6Q, STM32WB1MMCH6, STM32WBA50KEU6, STM32WBA50KEU6TR, STM32WBA50KGU6, STM32WBA50KGU6TR, STM32WBA52CEU6, STM32WBA52CEU6TR, STM32WBA52CEU7, STM32WBA52CEU7TR, STM32WBA52CGU6, STM32WBA52CGU6TR, STM32WBA52CGU6U, STM32WBA52CGU7, STM32WBA52CGU7TR, STM32WBA52KEU6, STM32WBA52KEU6TR, STM32WBA52KGU6, STM32WBA52KGU6TR, STM32WBA54CEU6, STM32WBA54CEU6TR, STM32WBA54CEU7, STM32WBA54CEU7TR, STM32WBA54CGU6, STM32WBA54CGU6TR, STM32WBA54CGU7, STM32WBA54CGU7TR, STM32WBA54KEU6, STM32WBA54KEU6TR, STM32WBA54KEU7, STM32WBA54KEU7TR, STM32WBA54KGU6, STM32WBA54KGU6TR, STM32WBA54KGU7, STM32WBA54KGU7TR, STM32WBA55CEU6, STM32WBA55CEU6TR, STM32WBA55CEU7, STM32WBA55CEU7TR, STM32WBA55CGU6, STM32WBA55CGU6TR, STM32WBA55CGU6U, STM32WBA55CGU7, STM32WBA55CGU7TR, STM32WBA55G-DK1, STM32WBA55HEF6, STM32WBA55HEF7, STM32WBA55HGF6, STM32WBA55HGF7, STM32WBA55UEI6, STM32WBA55UEI6TR, STM32WBA55UEI7, STM32WBA55UEI7TR, STM32WBA55UGI6, STM32WBA55UGI6TR, STM32WBA55UGI7, STM32WBA55UGI7TR, STM32WL5MOCH6, STM32WL5MOCH6TR]
2025-01-11 12:40:01,271 [INFO] ApiDb:668 - CubeFinder database Data Model version=2.1
2025-01-11 12:40:01,271 [INFO] ApiDb:669 - CubeFinder database Configuration version=3.0.39
2025-01-11 12:40:01,271 [INFO] ApiDb:670 - CubeFinder database generation date=2024-12-10 (1733817889)
2025-01-11 12:40:01,271 [INFO] ApiDb:671 - CubeFinder database FW Pack versions=[FP-ATR-ASTRA1_V2.0.0, FP-SNS-FLIGHT1_V5.0.2, FP-SNS-MOTENV1_V5.0.0, FP-SNS-MOTENVWB1_V1.4.0, FP-SNS-SMARTAG2_V1.2.0, FP-SNS-STBOX1_V2.0.0, STM32Cube_FW_C0_V1.3.0, STM32Cube_FW_F4_V1.28.1, STM32Cube_FW_F7_V1.17.2, STM32Cube_FW_G0_V1.6.2, STM32Cube_FW_G4_V1.6.1, STM32Cube_FW_H5_V1.4.0, STM32Cube_FW_H7RS_V1.1.0, STM32Cube_FW_H7_V1.12.0, STM32Cube_FW_L0_V1.12.2, STM32Cube_FW_L4_V1.18.1, STM32Cube_FW_L5_V1.5.1, STM32Cube_FW_N6_V1.0.0, STM32Cube_FW_U0_V1.2.0, STM32Cube_FW_U3_V1.0.0, STM32Cube_FW_U5_V1.7.0, STM32Cube_FW_WB0_V1.1.0, STM32Cube_FW_WBA_V1.5.0, STM32Cube_FW_WB_V1.21.0, STM32Cube_FW_WL3_V1.0.0, STM32Cube_FW_WL_V1.3.0, X-CUBE-ALGOBUILD_V1.4.0, X-CUBE-ALS_V1.0.2, X-CUBE-AZRTOS-F4_V1.1.0, X-CUBE-AZRTOS-F7_V1.1.0, X-CUBE-AZRTOS-G0_V1.1.0, X-CUBE-AZRTOS-G4_V2.0.0, X-CUBE-AZRTOS-H7RS_V1.0.0, X-CUBE-AZRTOS-H7_V3.3.0, X-CUBE-AZRTOS-L4_V2.0.0, X-CUBE-AZRTOS-L5_V2.0.0, X-CUBE-AZRTOS-WB_V2.0.0, X-CUBE-AZRTOS-WL_V2.0.0, X-CUBE-BLE1_V7.0.0, X-CUBE-BLE2_V3.3.0, X-CUBE-BLEMGR_V3.1.0, X-CUBE-EEPRMA1_V5.1.0, X-CUBE-FREERTOS_V1.2.0, X-CUBE-GNSS1_V6.0.0, X-CUBE-MEMS1_V11.0.0, X-CUBE-NFC4_V3.0.0, X-CUBE-NFC7_V1.0.1, X-CUBE-SFXS2LP1_V4.0.0, X-CUBE-SUBG2_V5.0.0, X-CUBE-TOF1_V3.4.2]
2025-01-11 12:40:03,326 [INFO] ApiDb:240 - Found 483 in-development CPN: [B-G473E-ZEST1S, B-WB1M-WPAN1, B-WL5M-SUBG1, NUCLEO-C031C6, NUCLEO-H503RB, NUCLEO-H533RE, NUCLEO-H563ZI, NUCLEO-H7S3L8, NUCLEO-U031R8, NUCLEO-U083RC, NUCLEO-U545RE-Q, NUCLEO-U5A5ZJ-Q, NUCLEO-WBA52CG, NUCLEO-WBA55CG, STEVAL-PROTEUS1, STEVAL-SMARTAG2, STEVAL-STWINBX1, STM320518-EVAL, STM32C0116-DK, STM32C011D6Y3TR, STM32C011D6Y6TR, STM32C011F4P3, STM32C011F4P6, STM32C011F4U3, STM32C011F4U6TR, STM32C011F6P3, STM32C011F6P6, STM32C011F6U3, STM32C011F6U6TR, STM32C011J4M3, STM32C011J4M6, STM32C011J6M3, STM32C011J6M6, STM32C0316-DK, STM32C031C4T3, STM32C031C4T6, STM32C031C4U3, STM32C031C4U6, STM32C031C6T3, STM32C031C6T6, STM32C031C6U3, STM32C031C6U6, STM32C031F4P3, STM32C031F4P6, STM32C031F6P3, STM32C031F6P6, STM32C031G4U3, STM32C031G4U6, STM32C031G6U3, STM32C031G6U6, STM32C031K4T3, STM32C031K4T6, STM32C031K4U3, STM32C031K4U6, STM32C031K6T3, STM32C031K6T6, STM32C031K6U3, STM32C031K6U6, STM32G071K8TXN, STM32G071K8UXN, STM32G081GBU6N, STM32G081KBT6N, STM32G081KBUXN, STM32G0B1CCT6N, STM32G0B1KCT6, STM32G0B1NEY6TR, STM32G0B1RCT6N, STM32G0C1CCT6, STM32G0C1CCT6N, STM32G0C1CCU6N, STM32G0C1CET6N, STM32G0C1CEU6N, STM32G0C1KCT6, STM32G0C1NEY6TR, STM32G0C1RCI6N, STM32G0C1RCT6N, STM32G0C1REI6N, STM32G0C1RET6N, STM32G0C1VCI6, STM32G0C1VEI6, STM32G471CCT6, STM32G471CCU6, STM32G471CET3, STM32G471CET6, STM32G471CEU3, STM32G471CEU6, STM32G471MCT6, STM32G471MET3, STM32G471MET6, STM32G471MEY6TR, STM32G471QCT6, STM32G471QET3, STM32G471RCT6, STM32G471RET3, STM32G471RET6, STM32G471VCH6, STM32G471VCI6, STM32G471VCT6, STM32G471VEH3, STM32G471VEH6, STM32G471VEI3, STM32G471VEI6, STM32G471VET3, STM32G471VET6, STM32G474CCT6, STM32H503CBT6, STM32H503CBU6, STM32H503EBY6TR, STM32H503KBU6, STM32H503RBT6, STM32H523CCT6, STM32H523CCU6, STM32H523CET6, STM32H523CEU6, STM32H523HEY6TR, STM32H523RCT6, STM32H523RET6, STM32H523VCI6, STM32H523VCT6, STM32H523VEI6, STM32H523VET6, STM32H523ZCJ6, STM32H523ZCT6, STM32H523ZEJ6, STM32H523ZET6, STM32H533CET6, STM32H533CEU6, STM32H533HEY6TR, STM32H533RET6, STM32H533VEI6, STM32H533VET6, STM32H533ZEJ6, STM32H533ZET6, STM32H562AGI6, STM32H562AII6, STM32H562IGK6, STM32H562IGT6, STM32H562IIK6, STM32H562IIT6, STM32H562RGT6, STM32H562RGV6, STM32H562RIT6, STM32H562RIV6, STM32H562VGT6, STM32H562VIT6, STM32H562ZGT6, STM32H562ZIT6, STM32H563AGI6, STM32H563AII3Q, STM32H563AII6, STM32H563IGK6, STM32H563IGT6, STM32H563IIK3Q, STM32H563IIK6, STM32H563IIT3Q, STM32H563IIT6, STM32H563MIY3QTR, STM32H563RGT6, STM32H563RGV6, STM32H563RIT6, STM32H563RIV6, STM32H563VGT6, STM32H563VIT3Q, STM32H563VIT6, STM32H563ZGT6, STM32H563ZIT3Q, STM32H563ZIT6, STM32H573AII3Q, STM32H573AII6, STM32H573I-DK, STM32H573IIK3Q, STM32H573IIK6, STM32H573IIT3Q, STM32H573IIT6, STM32H573MIY3QTR, STM32H573RIT6, STM32H573RIV6, STM32H573VIT3Q, STM32H573VIT6, STM32H573ZIT3Q, STM32H573ZIT6, STM32H7R3A8I6, STM32H7R3I8K6, STM32H7R3I8T6, STM32H7R3L8H6, STM32H7R3L8H6H, STM32H7R3R8V6, STM32H7R3V8H6, STM32H7R3V8T6, STM32H7R3V8Y6, STM32H7R3Z8J6, STM32H7R3Z8T6, STM32H7R7A8I6, STM32H7R7I8K6, STM32H7R7I8T6, STM32H7R7L8H6, STM32H7R7L8H6H, STM32H7R7Z8J6, STM32H7S3A8I6, STM32H7S3I8K6, STM32H7S3I8T6, STM32H7S3L8H6, STM32H7S3L8H6H, STM32H7S3R8V6, STM32H7S3V8H6, STM32H7S3V8T6, STM32H7S3V8Y6, STM32H7S3Z8J6, STM32H7S3Z8T6, STM32H7S78-DK, STM32H7S7A8I6, STM32H7S7I8K6, STM32H7S7I8T6, STM32H7S7L8H6, STM32H7S7L8H6H, STM32H7S7Z8J6, STM32L4R5QGI6STR, STM32MP131AAE3, STM32MP131AAF3, STM32MP131AAG3, STM32MP131CAE3, STM32MP131CAF3, STM32MP131CAG3, STM32MP131DAE7, STM32MP131DAF7, STM32MP131DAG7, STM32MP131FAE7, STM32MP131FAF7, STM32MP131FAG7, STM32MP133AAE3, STM32MP133AAF3, STM32MP133AAG3, STM32MP133CAE3, STM32MP133CAF3, STM32MP133CAG3, STM32MP133DAE7, STM32MP133DAF7, STM32MP133DAG7, STM32MP133FAE7, STM32MP133FAF7, STM32MP133FAG7, STM32MP135AAE3, STM32MP135AAF3, STM32MP135AAG3, STM32MP135CAE3, STM32MP135CAF3, STM32MP135CAG3, STM32MP135DAE7, STM32MP135DAF7, STM32MP135DAG7, STM32MP135F-DK, STM32MP135FAE7, STM32MP135FAF7, STM32MP135FAF7T, STM32MP135FAF7U, STM32MP135FAG7, STM32U031C6T6, STM32U031C6U6, STM32U031C8T6, STM32U031C8U6, STM32U031F4P6, STM32U031F6P6, STM32U031F8P6, STM32U031G6Y6TR, STM32U031G8Y6TR, STM32U031K4U6, STM32U031K6U6, STM32U031K8U6, STM32U031R6I6, STM32U031R6T6, STM32U031R8I6, STM32U031R8T6, STM32U073C8T6, STM32U073C8U6, STM32U073CBT6, STM32U073CBU6, STM32U073CCT6, STM32U073CCU6, STM32U073H8Y6TR, STM32U073HBY6TR, STM32U073HCY6TR, STM32U073K8U6, STM32U073KBU6, STM32U073KCU6, STM32U073M8I6, STM32U073M8T6, STM32U073MBI6, STM32U073MBT6, STM32U073MCI6, STM32U073MCT6, STM32U073R8I6, STM32U073R8T6, STM32U073RBI6, STM32U073RBT6, STM32U073RCI6, STM32U073RCT6, STM32U083C-DK, STM32U083CCT6, STM32U083CCU6, STM32U083HCY6TR, STM32U083KCU6, STM32U083MCI6, STM32U083MCT6, STM32U083RCI6, STM32U083RCT6, STM32U535CBT6, STM32U535CBT6Q, STM32U535CBU6, STM32U535CBU6Q, STM32U535CCT6, STM32U535CCT6Q, STM32U535CCU6, STM32U535CCU6Q, STM32U535CET6, STM32U535CET6Q, STM32U535CEU6, STM32U535CEU6Q, STM32U535JEY6QTR, STM32U535NCY6QTR, STM32U535NEY6QTR, STM32U535RBI6, STM32U535RBI6Q, STM32U535RBT6, STM32U535RBT6Q, STM32U535RCI6, STM32U535RCI6Q, STM32U535RCT6, STM32U535RCT6Q, STM32U535REI6, STM32U535REI6Q, STM32U535RET6, STM32U535RET6Q, STM32U535VCI6, STM32U535VCI6Q, STM32U535VCT6, STM32U535VCT6Q, STM32U535VEI6, STM32U535VEI6Q, STM32U535VET6, STM32U535VET6Q, STM32U545CET6, STM32U545CET6Q, STM32U545CEU6, STM32U545CEU6Q, STM32U545JEY6QTR, STM32U545NEY6QTR, STM32U545REI6, STM32U545REI6Q, STM32U545RET6, STM32U545RET6Q, STM32U545VEI6, STM32U545VEI6Q, STM32U545VET6, STM32U545VET6Q, STM32U595AIH6, STM32U595AIH6Q, STM32U595AJH6, STM32U595AJH6Q, STM32U595QII6, STM32U595QII6Q, STM32U595QJI6, STM32U595QJI6Q, STM32U595RIT6, STM32U595RIT6Q, STM32U595RJT6, STM32U595RJT6Q, STM32U595VIT6, STM32U595VIT6Q, STM32U595VJT6, STM32U595VJT6Q, STM32U595ZIT6, STM32U595ZIT6Q, STM32U595ZIY6QTR, STM32U595ZJT6, STM32U595ZJT6Q, STM32U595ZJY6QTR, STM32U599BJY6QTR, STM32U599NIH6Q, STM32U599NJH6Q, STM32U599VIT6Q, STM32U599VJT6, STM32U599VJT6Q, STM32U599ZIT6Q, STM32U599ZIY6QTR, STM32U599ZJT6Q, STM32U599ZJY6QTR, STM32U5A5AJH6, STM32U5A5AJH6Q, STM32U5A5QII3Q , STM32U5A5QJI6, STM32U5A5QJI6Q, STM32U5A5RJT6, STM32U5A5RJT6Q, STM32U5A5VJT6, STM32U5A5VJT6Q, STM32U5A5ZJT6, STM32U5A5ZJT6Q, STM32U5A5ZJY6QTR, STM32U5A9BJY6QTR, STM32U5A9J-DK, STM32U5A9NJH6Q, STM32U5A9VJT6Q, STM32U5A9ZJT6Q, STM32U5A9ZJY6QTR, STM32U5F7VIT6, STM32U5F7VIT6Q, STM32U5F7VJT6, STM32U5F7VJT6Q, STM32U5F9BJY6QTR, STM32U5F9NJH6Q, STM32U5F9VIT6Q, STM32U5F9VJT6Q, STM32U5F9ZIJ6QTR, STM32U5F9ZIT6Q, STM32U5F9ZJJ6QTR, STM32U5F9ZJT6Q, STM32U5G7VJT6, STM32U5G7VJT6Q, STM32U5G9BJY6QTR, STM32U5G9J-DK1, STM32U5G9J-DK2, STM32U5G9NJH6Q, STM32U5G9VJT6Q, STM32U5G9ZJJ6QTR, STM32U5G9ZJT6Q, STM32WB1MMCH6, STM32WBA50KEU6, STM32WBA50KEU6TR, STM32WBA50KGU6, STM32WBA50KGU6TR, STM32WBA52CEU6, STM32WBA52CEU6TR, STM32WBA52CEU7, STM32WBA52CEU7TR, STM32WBA52CGU6, STM32WBA52CGU6TR, STM32WBA52CGU6U, STM32WBA52CGU7, STM32WBA52CGU7TR, STM32WBA52KEU6, STM32WBA52KEU6TR, STM32WBA52KGU6, STM32WBA52KGU6TR, STM32WBA54CEU6, STM32WBA54CEU6TR, STM32WBA54CEU7, STM32WBA54CEU7TR, STM32WBA54CGU6, STM32WBA54CGU6TR, STM32WBA54CGU7, STM32WBA54CGU7TR, STM32WBA54KEU6, STM32WBA54KEU6TR, STM32WBA54KEU7, STM32WBA54KEU7TR, STM32WBA54KGU6, STM32WBA54KGU6TR, STM32WBA54KGU7, STM32WBA54KGU7TR, STM32WBA55CEU6, STM32WBA55CEU6TR, STM32WBA55CEU7, STM32WBA55CEU7TR, STM32WBA55CGU6, STM32WBA55CGU6TR, STM32WBA55CGU6U, STM32WBA55CGU7, STM32WBA55CGU7TR, STM32WBA55G-DK1, STM32WBA55HEF6, STM32WBA55HEF7, STM32WBA55HGF6, STM32WBA55HGF7, STM32WBA55UEI6, STM32WBA55UEI6TR, STM32WBA55UEI7, STM32WBA55UEI7TR, STM32WBA55UGI6, STM32WBA55UGI6TR, STM32WBA55UGI7, STM32WBA55UGI7TR, STM32WL5MOCH6, STM32WL5MOCH6TR]
2025-01-11 12:40:03,331 [INFO] DbMcus:218 - Found 4404 MCUs, 4404 are supported
2025-01-11 12:40:03,332 [INFO] ApiDb:423 - Load user favorites file C:\Users\adity/.stm32cubeide/favorites.mcus.txt: 0 item(s)
2025-01-11 12:40:03,332 [INFO] ApiDb:427 - User favorites MCUs=[]
2025-01-11 12:40:03,332 [INFO] DbMcus:224 - Set 0 / 0 favorites MCUs
2025-01-11 12:40:03,705 [INFO] BoardInfo:889 - No configuration file found for board NUCLEO-C071RB
2025-01-11 12:40:03,705 [INFO] DbBoards:161 - Board is not supported: NUCLEO-C071RB
2025-01-11 12:40:03,797 [INFO] BoardInfo:889 - No configuration file found for board NUCLEO-N657X0-Q
2025-01-11 12:40:03,797 [INFO] DbBoards:161 - Board is not supported: NUCLEO-N657X0-Q
2025-01-11 12:40:03,806 [INFO] BoardInfo:889 - No configuration file found for board NUCLEO-WB05KZ
2025-01-11 12:40:03,806 [INFO] DbBoards:161 - Board is not supported: NUCLEO-WB05KZ
2025-01-11 12:40:03,808 [INFO] BoardInfo:889 - No configuration file found for board NUCLEO-WB07CC
2025-01-11 12:40:03,808 [INFO] DbBoards:161 - Board is not supported: NUCLEO-WB07CC
2025-01-11 12:40:03,809 [INFO] BoardInfo:889 - No configuration file found for board NUCLEO-WB09KE
2025-01-11 12:40:03,809 [INFO] DbBoards:161 - Board is not supported: NUCLEO-WB09KE
2025-01-11 12:40:03,821 [INFO] BoardInfo:889 - No configuration file found for board P-NUCLEO-WB55
2025-01-11 12:40:03,822 [INFO] DbBoards:161 - Kit is not supported: P-NUCLEO-WB55
2025-01-11 12:40:03,827 [INFO] BoardInfo:889 - No configuration file found for board STEVAL-BFA001V1B
2025-01-11 12:40:03,828 [INFO] DbBoards:161 - Kit is not supported: STEVAL-BFA001V1B
2025-01-11 12:40:03,829 [INFO] BoardInfo:889 - No configuration file found for board STEVAL-BFA001V2B
2025-01-11 12:40:03,829 [INFO] DbBoards:161 - Kit is not supported: STEVAL-BFA001V2B
2025-01-11 12:40:03,958 [INFO] BoardInfo:889 - No configuration file found for board STM32MP257F-DK
2025-01-11 12:40:03,958 [INFO] DbBoards:161 - Board is not supported: STM32MP257F-DK
2025-01-11 12:40:03,960 [INFO] BoardInfo:889 - No configuration file found for board STM32MP257F-EV1
2025-01-11 12:40:03,960 [INFO] DbBoards:161 - Board is not supported: STM32MP257F-EV1
2025-01-11 12:40:03,961 [INFO] BoardInfo:889 - No configuration file found for board STM32N6570-DK
2025-01-11 12:40:03,962 [INFO] DbBoards:161 - Board is not supported: STM32N6570-DK
2025-01-11 12:40:03,972 [INFO] DbBoards:168 - Found 203 boards, 192 are supported
2025-01-11 12:40:03,972 [INFO] DbBoards:169 - Found 203 boards, 8 of them is supported for  Bsp
2025-01-11 12:40:03,974 [INFO] ApiDb:423 - Load user favorites file C:\Users\adity/.stm32cubeide/favorites.boards.txt: 0 item(s)
2025-01-11 12:40:03,974 [INFO] ApiDb:427 - User favorites Boards=[]
2025-01-11 12:40:03,974 [INFO] DbBoards:198 - Set 0 / 0 favorites Boards
2025-01-11 12:40:03,974 [INFO] McuFinderGlobals:76 - Set McuFinderConnectedMode to true
2025-01-11 12:40:03,980 [INFO] MultiScanPanel:200 - Auto-refresh data requested => check proxy status ongoing
2025-01-11 12:40:03,981 [INFO] FinderPluginLoader:95 - Searching for filters in installed packs
2025-01-11 12:40:05,389 [INFO] LoadUrlFilesThread:185 - End of LoadServerUrlFiles without Thread
2025-01-11 12:40:05,399 [INFO] DetailPanel:341 - Set advertising image to C:/Users/adity/STM32Cube/Repository/\en.prom-stm32n6-mcu-finder.png
2025-01-11 12:40:41,058 [INFO] McuFinderGlobals:76 - Set McuFinderConnectedMode to true
2025-01-11 12:40:41,062 [INFO] ApiDb:448 - Save user favorites file C:\Users\adity/.stm32cubeide/favorites.mcus.txt: 0 item(s)
2025-01-11 12:40:41,063 [INFO] ApiDb:452 - User favorites MCUs=[]
